Log file open, 04/16/23 19:29:09
LogWindows: Failed to load 'aqProf.dll' (GetLastError=126)
LogWindows: File 'aqProf.dll' does not exist
LogWindows: Failed to load 'VtuneApi.dll' (GetLastError=126)
LogWindows: File 'VtuneApi.dll' does not exist
LogWindows: Failed to load 'VtuneApi32e.dll' (GetLastError=126)
LogWindows: File 'VtuneApi32e.dll' does not exist
LogConsoleResponse: Display: Failed to find resolution value strings in scalability ini. Falling back to default.
LogConsoleResponse: Display: Failed to find resolution value strings in scalability ini. Falling back to default.
LogInit: Display: Running engine for game: Helloffice_2_0_ver
LogPlatformFile: Not using cached read wrapper
LogTaskGraph: Started task graph with 5 named threads and 20 total threads with 3 sets of task threads.
LogStats: Stats thread started at 0.210095
LogICUInternationalization: ICU TimeZone Detection - Raw Offset: +3:00, Platform Override: ''
LogInit: Display: Loading text-based GConfig....
LogPluginManager: Mounting plugin MeshPainting
LogPluginManager: Mounting plugin XGEController
LogPluginManager: Mounting plugin Paper2D
LogPluginManager: Mounting plugin LiveLink
LogPluginManager: Mounting plugin AISupport
LogPluginManager: Mounting plugin EnvironmentQueryEditor
LogPluginManager: Mounting plugin CameraShakePreviewer
LogPluginManager: Mounting plugin LightPropagationVolume
LogPluginManager: Mounting plugin GameplayCameras
LogPluginManager: Mounting plugin AssetManagerEditor
LogPluginManager: Mounting plugin CryptoKeys
LogPluginManager: Mounting plugin CurveEditorTools
LogPluginManager: Mounting plugin DataValidation
LogPluginManager: Mounting plugin FacialAnimation
LogPluginManager: Mounting plugin GameplayTagsEditor
LogPluginManager: Mounting plugin GeometryMode
LogPluginManager: Mounting plugin MacGraphicsSwitching
LogPluginManager: Mounting plugin MaterialAnalyzer
LogPluginManager: Mounting plugin MobileLauncherProfileWizard
LogPluginManager: Mounting plugin AnimationSharing
LogPluginManager: Mounting plugin PluginBrowser
LogPluginManager: Mounting plugin SpeedTreeImporter
LogPluginManager: Mounting plugin CLionSourceCodeAccess
LogPluginManager: Mounting plugin CodeLiteSourceCodeAccess
LogPluginManager: Mounting plugin GitSourceControl
LogPluginManager: Mounting plugin KDevelopSourceCodeAccess
LogPluginManager: Mounting plugin NullSourceCodeAccess
LogPluginManager: Mounting plugin PerforceSourceControl
LogPluginManager: Mounting plugin PixWinPlugin
LogPluginManager: Mounting plugin PlasticSourceControl
LogPluginManager: Mounting plugin PluginUtils
LogPluginManager: Mounting plugin PropertyAccessNode
LogPluginManager: Mounting plugin OodleData
LogPluginManager: Mounting plugin RiderSourceCodeAccess
LogPluginManager: Mounting plugin SubversionSourceControl
LogPluginManager: Mounting plugin OodleNetwork
LogPluginManager: Mounting plugin TextureFormatOodle
LogPluginManager: Mounting plugin UObjectPlugin
LogPluginManager: Mounting plugin VisualStudioCodeSourceCodeAccess
LogPluginManager: Mounting plugin XCodeSourceCodeAccess
LogPluginManager: Mounting plugin VisualStudioSourceCodeAccess
LogPluginManager: Mounting plugin AlembicImporter
LogPluginManager: Mounting plugin AutomationUtils
LogPluginManager: Mounting plugin BackChannel
LogPluginManager: Mounting plugin ChaosCloth
LogPluginManager: Mounting plugin ChaosClothEditor
LogPluginManager: Mounting plugin ChaosEditor
LogPluginManager: Mounting plugin ChaosSolverPlugin
LogPluginManager: Mounting plugin CharacterAI
LogPluginManager: Mounting plugin ChaosNiagara
LogPluginManager: Mounting plugin GeometryCollectionPlugin
LogPluginManager: Mounting plugin GeometryCache
LogPluginManager: Mounting plugin Niagara
LogPluginManager: Mounting plugin GeometryProcessing
LogPluginManager: Mounting plugin MotoSynth
LogPluginManager: Mounting plugin OpenImageDenoise
LogPluginManager: Mounting plugin DatasmithContent
LogPluginManager: Mounting plugin PlanarCut
LogPluginManager: Mounting plugin PlatformCrypto
LogPluginManager: Mounting plugin ProxyLODPlugin
LogPluginManager: Mounting plugin PythonScriptPlugin
LogPluginManager: Mounting plugin SkeletalReduction
LogPluginManager: Mounting plugin VariantManagerContent
LogPluginManager: Mounting plugin AndroidMedia
LogPluginManager: Mounting plugin AvfMedia
LogPluginManager: Mounting plugin ImgMedia
LogPluginManager: Mounting plugin MediaCompositing
LogPluginManager: Mounting plugin MediaPlayerEditor
LogPluginManager: Mounting plugin WebMMedia
LogPluginManager: Mounting plugin WmfMedia
LogPluginManager: Mounting plugin TcpMessaging
LogPluginManager: Mounting plugin UdpMessaging
LogPluginManager: Mounting plugin ActorSequence
LogPluginManager: Mounting plugin LevelSequenceEditor
LogPluginManager: Mounting plugin MatineeToLevelSequence
LogPluginManager: Mounting plugin TemplateSequence
LogPluginManager: Mounting plugin LauncherChunkInstaller
LogPluginManager: Mounting plugin OnlineSubsystem
LogPluginManager: Mounting plugin OnlineSubsystemNull
LogPluginManager: Mounting plugin OnlineSubsystemUtils
LogPluginManager: Mounting plugin ActorLayerUtilities
LogPluginManager: Mounting plugin AndroidDeviceProfileSelector
LogPluginManager: Mounting plugin AndroidMoviePlayer
LogPluginManager: Mounting plugin AndroidPermission
LogPluginManager: Mounting plugin AppleImageUtils
LogPluginManager: Mounting plugin ArchVisCharacter
LogPluginManager: Mounting plugin AssetTags
LogPluginManager: Mounting plugin AudioCapture
LogPluginManager: Mounting plugin AudioSynesthesia
LogPluginManager: Mounting plugin CableComponent
LogPluginManager: Mounting plugin ChunkDownloader
LogPluginManager: Mounting plugin AppleMoviePlayer
LogPluginManager: Mounting plugin CustomMeshComponent
LogPluginManager: Mounting plugin ExampleDeviceProfileSelector
LogPluginManager: Mounting plugin EditableMesh
LogPluginManager: Mounting plugin GoogleCloudMessaging
LogPluginManager: Mounting plugin GooglePAD
LogPluginManager: Mounting plugin IOSDeviceProfileSelector
LogPluginManager: Mounting plugin LocationServicesBPLibrary
LogPluginManager: Mounting plugin MobilePatchingUtils
LogPluginManager: Mounting plugin OpenXR
LogPluginManager: Mounting plugin LinuxDeviceProfileSelector
LogPluginManager: Mounting plugin OpenXREyeTracker
LogPluginManager: Mounting plugin OpenXRHandTracking
LogPluginManager: Mounting plugin PhysXVehicles
LogPluginManager: Mounting plugin PostSplashScreen
LogPluginManager: Mounting plugin ProceduralMeshComponent
LogPluginManager: Mounting plugin PropertyAccessEditor
LogPluginManager: Mounting plugin ScreenshotTools
LogPluginManager: Mounting plugin RuntimePhysXCooking
LogPluginManager: Mounting plugin SignificanceManager
LogPluginManager: Mounting plugin SoundFields
LogPluginManager: Mounting plugin Synthesis
LogPluginManager: Mounting plugin WebMMoviePlayer
LogPluginManager: Mounting plugin WindowsMoviePlayer
LogPluginManager: Mounting plugin LuminPlatformFeatures
LogPluginManager: Mounting plugin MagicLeap
LogPluginManager: Mounting plugin MagicLeapLightEstimation
LogPluginManager: Mounting plugin Takes
LogPluginManager: Mounting plugin MagicLeapMedia
LogPluginManager: Mounting plugin MagicLeapPassableWorld
LogPluginManager: Mounting plugin MLSDK
LogPluginManager: Mounting plugin ContentBrowserAssetDataSource
LogPluginManager: Mounting plugin ContentBrowserClassDataSource
LogPluginManager: Mounting plugin ContentBrowserFileDataSource
LogPluginManager: Mounting plugin OnlineSubsystemGooglePlay
LogPluginManager: Mounting plugin OnlineSubsystemIOS
LogPluginManager: Mounting plugin OculusVR
LogPluginManager: Mounting plugin SteamVR
PixWinPlugin: PIX capture plugin failed to initialize! Check that the process is launched from PIX.
LogInit: Using libcurl 7.55.1-DEV
LogInit:  - built for x86_64-pc-win32
LogInit:  - supports SSL with OpenSSL/1.1.1
LogInit:  - supports HTTP deflate (compression) using libz 1.2.8
LogInit:  - other features:
LogInit:      CURL_VERSION_SSL
LogInit:      CURL_VERSION_LIBZ
LogInit:      CURL_VERSION_IPV6
LogInit:      CURL_VERSION_ASYNCHDNS
LogInit:      CURL_VERSION_LARGEFILE
LogInit:      CURL_VERSION_IDN
LogInit:  CurlRequestOptions (configurable via config and command line):
LogInit:  - bVerifyPeer = true  - Libcurl will verify peer certificate
LogInit:  - bUseHttpProxy = false  - Libcurl will NOT use HTTP proxy
LogInit:  - bDontReuseConnections = false  - Libcurl will reuse connections
LogInit:  - MaxHostConnections = 16  - Libcurl will limit the number of connections to a host
LogInit:  - LocalHostAddr = Default
LogInit:  - BufferSize = 65536
LogOnline: OSS: Creating online subsystem instance for: NULL
LogInit: WinSock: version 1.1 (2.2), MaxSocks=32767, MaxUdp=65467
LogOnline: OSS: TryLoadSubsystemAndSetDefault: Loaded subsystem for module [NULL]
LogOculusPluginWrapper: OculusPlugin initialized successfully
LogHMD: Failed initializing OVRPlugin 1.59.0
LogInit: Build: ++UE4+Release-4.27-CL-18319896
LogInit: Engine Version: 4.27.2-18319896+++UE4+Release-4.27
LogInit: Compatible Engine Version: 4.27.0-17155196+++UE4+Release-4.27
LogInit: Net CL: 17155196
LogInit: OS: Windows 10 (Release 2009) (), CPU: Intel(R) Core(TM) i5-9400F CPU @ 2.90GHz, GPU: NVIDIA GeForce RTX 2060
LogInit: Compiled (64-bit): Nov 30 2021 07:12:08
LogInit: Compiled with Visual C++: 19.24.28315.00
LogInit: Build Configuration: Development
LogInit: Branch Name: ++UE4+Release-4.27
LogInit: Command Line:  /Game/Level/MainMenu -game -PIEVIACONSOLE -Multiprocess "GameUserSettingsINI=D:/DPL/Helloffice 2.0 ver/Helloffice_2_0_ver/Saved/Config/Windows/PIEGameUserSettings0.ini" -MultiprocessSaveConfig -forcepassthrough -messaging -SessionName="Play in Standalone Game" -windowed -WinX=147 -WinY=151 SAVEWINPOS=1 -ResX=1280 -ResY=720
LogInit: Base Directory: D:/GameDEV/Unreal Engine/UE_4.27/Engine/Binaries/Win64/
LogInit: Allocator: TBB
LogInit: Installed Engine Build: 1
LogDevObjectVersion: Number of dev versions registered: 29
LogDevObjectVersion:   Dev-Blueprints (B0D832E4-1F89-4F0D-ACCF-7EB736FD4AA2): 10
LogDevObjectVersion:   Dev-Build (E1C64328-A22C-4D53-A36C-8E866417BD8C): 0
LogDevObjectVersion:   Dev-Core (375EC13C-06E4-48FB-B500-84F0262A717E): 4
LogDevObjectVersion:   Dev-Editor (E4B068ED-F494-42E9-A231-DA0B2E46BB41): 40
LogDevObjectVersion:   Dev-Framework (CFFC743F-43B0-4480-9391-14DF171D2073): 37
LogDevObjectVersion:   Dev-Mobile (B02B49B5-BB20-44E9-A304-32B752E40360): 3
LogDevObjectVersion:   Dev-Networking (A4E4105C-59A1-49B5-A7C5-40C4547EDFEE): 0
LogDevObjectVersion:   Dev-Online (39C831C9-5AE6-47DC-9A44-9C173E1C8E7C): 0
LogDevObjectVersion:   Dev-Physics (78F01B33-EBEA-4F98-B9B4-84EACCB95AA2): 14
LogDevObjectVersion:   Dev-Platform (6631380F-2D4D-43E0-8009-CF276956A95A): 0
LogDevObjectVersion:   Dev-Rendering (12F88B9F-8875-4AFC-A67C-D90C383ABD29): 45
LogDevObjectVersion:   Dev-Sequencer (7B5AE74C-D270-4C10-A958-57980B212A5A): 13
LogDevObjectVersion:   Dev-VR (D7296918-1DD6-4BDD-9DE2-64A83CC13884): 3
LogDevObjectVersion:   Dev-LoadTimes (C2A15278-BFE7-4AFE-6C17-90FF531DF755): 1
LogDevObjectVersion:   Private-Geometry (6EACA3D4-40EC-4CC1-B786-8BED09428FC5): 3
LogDevObjectVersion:   Dev-AnimPhys (29E575DD-E0A3-4627-9D10-D276232CDCEA): 17
LogDevObjectVersion:   Dev-Anim (AF43A65D-7FD3-4947-9873-3E8ED9C1BB05): 15
LogDevObjectVersion:   Dev-ReflectionCapture (6B266CEC-1EC7-4B8F-A30B-E4D90942FC07): 1
LogDevObjectVersion:   Dev-Automation (0DF73D61-A23F-47EA-B727-89E90C41499A): 1
LogDevObjectVersion:   FortniteMain (601D1886-AC64-4F84-AA16-D3DE0DEAC7D6): 47
LogDevObjectVersion:   FortniteRelease (E7086368-6B23-4C58-8439-1B7016265E91): 1
LogDevObjectVersion:   Dev-Enterprise (9DFFBCD6-494F-0158-E221-12823C92A888): 10
LogDevObjectVersion:   Dev-Niagara (F2AED0AC-9AFE-416F-8664-AA7FFA26D6FC): 1
LogDevObjectVersion:   Dev-Destruction (174F1F0B-B4C6-45A5-B13F-2EE8D0FB917D): 10
LogDevObjectVersion:   Dev-Physics-Ext (35F94A83-E258-406C-A318-09F59610247C): 41
LogDevObjectVersion:   Dev-PhysicsMaterial-Chaos (B68FC16E-8B1B-42E2-B453-215C058844FE): 1
LogDevObjectVersion:   Dev-CineCamera (B2E18506-4273-CFC2-A54E-F4BB758BBA07): 1
LogDevObjectVersion:   Dev-VirtualProduction (64F58936-FD1B-42BA-BA96-7289D5D0FA4E): 1
LogDevObjectVersion:   Dev-MediaFramework (6F0ED827-A609-4895-9C91-998D90180EA4): 2
LogInit: Presizing for max 25165824 objects, including 0 objects not considered by GC, pre-allocating 0 bytes for permanent pool.
LogConfig: Applying CVar settings from Section [/Script/Engine.StreamingSettings] File [D:/DPL/Helloffice 2.0 ver/Helloffice_2_0_ver/Saved/Config/Windows/Engine.ini]
LogConfig: Setting CVar [[s.MinBulkDataSizeForAsyncLoading:131072]]
LogConfig: Setting CVar [[s.AsyncLoadingThreadEnabled:0]]
LogConfig: Setting CVar [[s.EventDrivenLoaderEnabled:1]]
LogConfig: Setting CVar [[s.WarnIfTimeLimitExceeded:0]]
LogConfig: Setting CVar [[s.TimeLimitExceededMultiplier:1.5]]
LogConfig: Setting CVar [[s.TimeLimitExceededMinTime:0.005]]
LogConfig: Setting CVar [[s.UseBackgroundLevelStreaming:1]]
LogConfig: Setting CVar [[s.PriorityAsyncLoadingExtraTime:15.0]]
LogConfig: Setting CVar [[s.LevelStreamingActorsUpdateTimeLimit:5.0]]
LogConfig: Setting CVar [[s.PriorityLevelStreamingActorsUpdateExtraTime:5.0]]
LogConfig: Setting CVar [[s.LevelStreamingComponentsRegistrationGranularity:10]]
LogConfig: Setting CVar [[s.UnregisterComponentsTimeLimit:1.0]]
LogConfig: Setting CVar [[s.LevelStreamingComponentsUnregistrationGranularity:5]]
LogConfig: Setting CVar [[s.FlushStreamingOnExit:1]]
LogInit: Object subsystem initialized
LogConfig: Setting CVar [[con.DebugEarlyDefault:1]]
LogConfig: Setting CVar [[r.setres:1280x720]]
[2023.04.16-16.29.09:904][  0]LogConfig: Setting CVar [[con.DebugEarlyDefault:1]]
[2023.04.16-16.29.09:904][  0]LogConfig: Setting CVar [[r.setres:1280x720]]
[2023.04.16-16.29.09:904][  0]LogConfig: Applying CVar settings from Section [/Script/Engine.RendererSettings] File [D:/DPL/Helloffice 2.0 ver/Helloffice_2_0_ver/Saved/Config/Windows/Engine.ini]
[2023.04.16-16.29.09:904][  0]LogConfig: Setting CVar [[r.GPUCrashDebugging:0]]
[2023.04.16-16.29.09:904][  0]LogConfig: Applying CVar settings from Section [/Script/Engine.RendererOverrideSettings] File [D:/DPL/Helloffice 2.0 ver/Helloffice_2_0_ver/Saved/Config/Windows/Engine.ini]
[2023.04.16-16.29.09:904][  0]LogConfig: Applying CVar settings from Section [/Script/Engine.StreamingSettings] File [D:/DPL/Helloffice 2.0 ver/Helloffice_2_0_ver/Saved/Config/Windows/Engine.ini]
[2023.04.16-16.29.09:904][  0]LogConfig: Setting CVar [[s.MinBulkDataSizeForAsyncLoading:131072]]
[2023.04.16-16.29.09:904][  0]LogConfig: Setting CVar [[s.AsyncLoadingThreadEnabled:0]]
[2023.04.16-16.29.09:904][  0]LogConfig: Setting CVar [[s.EventDrivenLoaderEnabled:1]]
[2023.04.16-16.29.09:904][  0]LogConfig: Setting CVar [[s.WarnIfTimeLimitExceeded:0]]
[2023.04.16-16.29.09:904][  0]LogConfig: Setting CVar [[s.TimeLimitExceededMultiplier:1.5]]
[2023.04.16-16.29.09:904][  0]LogConfig: Setting CVar [[s.TimeLimitExceededMinTime:0.005]]
[2023.04.16-16.29.09:904][  0]LogConfig: Setting CVar [[s.UseBackgroundLevelStreaming:1]]
[2023.04.16-16.29.09:904][  0]LogConfig: Setting CVar [[s.PriorityAsyncLoadingExtraTime:15.0]]
[2023.04.16-16.29.09:904][  0]LogConfig: Setting CVar [[s.LevelStreamingActorsUpdateTimeLimit:5.0]]
[2023.04.16-16.29.09:904][  0]LogConfig: Setting CVar [[s.PriorityLevelStreamingActorsUpdateExtraTime:5.0]]
[2023.04.16-16.29.09:904][  0]LogConfig: Setting CVar [[s.LevelStreamingComponentsRegistrationGranularity:10]]
[2023.04.16-16.29.09:904][  0]LogConfig: Setting CVar [[s.UnregisterComponentsTimeLimit:1.0]]
[2023.04.16-16.29.09:904][  0]LogConfig: Setting CVar [[s.LevelStreamingComponentsUnregistrationGranularity:5]]
[2023.04.16-16.29.09:904][  0]LogConfig: Setting CVar [[s.FlushStreamingOnExit:1]]
[2023.04.16-16.29.09:904][  0]LogConfig: Applying CVar settings from Section [/Script/Engine.GarbageCollectionSettings] File [D:/DPL/Helloffice 2.0 ver/Helloffice_2_0_ver/Saved/Config/Windows/Engine.ini]
[2023.04.16-16.29.09:904][  0]LogConfig: Setting CVar [[gc.MaxObjectsNotConsideredByGC:1]]
[2023.04.16-16.29.09:904][  0]LogConfig: Setting CVar [[gc.SizeOfPermanentObjectPool:0]]
[2023.04.16-16.29.09:904][  0]LogConfig: Setting CVar [[gc.FlushStreamingOnGC:0]]
[2023.04.16-16.29.09:904][  0]LogConfig: Setting CVar [[gc.NumRetriesBeforeForcingGC:10]]
[2023.04.16-16.29.09:904][  0]LogConfig: Setting CVar [[gc.AllowParallelGC:1]]
[2023.04.16-16.29.09:904][  0]LogConfig: Setting CVar [[gc.TimeBetweenPurgingPendingKillObjects:61.1]]
[2023.04.16-16.29.09:904][  0]LogConfig: Setting CVar [[gc.MaxObjectsInEditor:25165824]]
[2023.04.16-16.29.09:904][  0]LogConfig: Setting CVar [[gc.IncrementalBeginDestroyEnabled:1]]
[2023.04.16-16.29.09:904][  0]LogConfig: Setting CVar [[gc.CreateGCClusters:1]]
[2023.04.16-16.29.09:904][  0]LogConfig: Setting CVar [[gc.MinGCClusterSize:5]]
[2023.04.16-16.29.09:904][  0]LogConfig: Setting CVar [[gc.ActorClusteringEnabled:0]]
[2023.04.16-16.29.09:904][  0]LogConfig: Setting CVar [[gc.BlueprintClusteringEnabled:0]]
[2023.04.16-16.29.09:904][  0]LogConfig: Setting CVar [[gc.UseDisregardForGCOnDedicatedServers:0]]
[2023.04.16-16.29.09:904][  0]LogConfig: Setting CVar [[gc.MultithreadedDestructionEnabled:1]]
[2023.04.16-16.29.09:904][  0]LogConfig: Applying CVar settings from Section [/Script/Engine.NetworkSettings] File [D:/DPL/Helloffice 2.0 ver/Helloffice_2_0_ver/Saved/Config/Windows/Engine.ini]
[2023.04.16-16.29.09:904][  0]LogConfig: Applying CVar settings from Section [/Script/UnrealEd.CookerSettings] File [D:/DPL/Helloffice 2.0 ver/Helloffice_2_0_ver/Saved/Config/Windows/Engine.ini]
[2023.04.16-16.29.09:910][  0]LogConfig: Applying CVar settings from Section [ViewDistanceQuality@3] File [D:/DPL/Helloffice 2.0 ver/Helloffice_2_0_ver/Saved/Config/Windows/Scalability.ini]
[2023.04.16-16.29.09:910][  0]LogConfig: Setting CVar [[r.SkeletalMeshLODBias:0]]
[2023.04.16-16.29.09:910][  0]LogConfig: Setting CVar [[r.ViewDistanceScale:1.0]]
[2023.04.16-16.29.09:910][  0]LogConfig: Applying CVar settings from Section [AntiAliasingQuality@3] File [D:/DPL/Helloffice 2.0 ver/Helloffice_2_0_ver/Saved/Config/Windows/Scalability.ini]
[2023.04.16-16.29.09:910][  0]LogConfig: Setting CVar [[r.PostProcessAAQuality:4]]
[2023.04.16-16.29.09:910][  0]LogConfig: Applying CVar settings from Section [ShadowQuality@3] File [D:/DPL/Helloffice 2.0 ver/Helloffice_2_0_ver/Saved/Config/Windows/Scalability.ini]
[2023.04.16-16.29.09:910][  0]LogConfig: Setting CVar [[r.LightFunctionQuality:1]]
[2023.04.16-16.29.09:910][  0]LogConfig: Setting CVar [[r.ShadowQuality:5]]
[2023.04.16-16.29.09:910][  0]LogConfig: Setting CVar [[r.Shadow.CSM.MaxCascades:10]]
[2023.04.16-16.29.09:910][  0]LogConfig: Setting CVar [[r.Shadow.MaxResolution:2048]]
[2023.04.16-16.29.09:910][  0]LogConfig: Setting CVar [[r.Shadow.MaxCSMResolution:2048]]
[2023.04.16-16.29.09:910][  0]LogConfig: Setting CVar [[r.Shadow.RadiusThreshold:0.01]]
[2023.04.16-16.29.09:910][  0]LogConfig: Setting CVar [[r.Shadow.DistanceScale:1.0]]
[2023.04.16-16.29.09:910][  0]LogConfig: Setting CVar [[r.Shadow.CSM.TransitionScale:1.0]]
[2023.04.16-16.29.09:910][  0]LogConfig: Setting CVar [[r.Shadow.PreShadowResolutionFactor:1.0]]
[2023.04.16-16.29.09:910][  0]LogConfig: Setting CVar [[r.DistanceFieldShadowing:1]]
[2023.04.16-16.29.09:910][  0]LogConfig: Setting CVar [[r.DistanceFieldAO:1]]
[2023.04.16-16.29.09:910][  0]LogConfig: Setting CVar [[r.AOQuality:2]]
[2023.04.16-16.29.09:910][  0]LogConfig: Setting CVar [[r.VolumetricFog:1]]
[2023.04.16-16.29.09:910][  0]LogConfig: Setting CVar [[r.VolumetricFog.GridPixelSize:8]]
[2023.04.16-16.29.09:910][  0]LogConfig: Setting CVar [[r.VolumetricFog.GridSizeZ:128]]
[2023.04.16-16.29.09:910][  0]LogConfig: Setting CVar [[r.VolumetricFog.HistoryMissSupersampleCount:4]]
[2023.04.16-16.29.09:910][  0]LogConfig: Setting CVar [[r.LightMaxDrawDistanceScale:1]]
[2023.04.16-16.29.09:910][  0]LogConfig: Setting CVar [[r.CapsuleShadows:1]]
[2023.04.16-16.29.09:910][  0]LogConfig: Applying CVar settings from Section [PostProcessQuality@3] File [D:/DPL/Helloffice 2.0 ver/Helloffice_2_0_ver/Saved/Config/Windows/Scalability.ini]
[2023.04.16-16.29.09:910][  0]LogConfig: Setting CVar [[r.MotionBlurQuality:4]]
[2023.04.16-16.29.09:910][  0]LogConfig: Setting CVar [[r.AmbientOcclusionMipLevelFactor:0.4]]
[2023.04.16-16.29.09:910][  0]LogConfig: Setting CVar [[r.AmbientOcclusionMaxQuality:100]]
[2023.04.16-16.29.09:911][  0]LogConfig: Setting CVar [[r.AmbientOcclusionLevels:-1]]
[2023.04.16-16.29.09:911][  0]LogConfig: Setting CVar [[r.AmbientOcclusionRadiusScale:1.0]]
[2023.04.16-16.29.09:911][  0]LogConfig: Setting CVar [[r.DepthOfFieldQuality:2]]
[2023.04.16-16.29.09:911][  0]LogConfig: Setting CVar [[r.RenderTargetPoolMin:400]]
[2023.04.16-16.29.09:911][  0]LogConfig: Setting CVar [[r.LensFlareQuality:2]]
[2023.04.16-16.29.09:911][  0]LogConfig: Setting CVar [[r.SceneColorFringeQuality:1]]
[2023.04.16-16.29.09:911][  0]LogConfig: Setting CVar [[r.EyeAdaptationQuality:2]]
[2023.04.16-16.29.09:911][  0]LogConfig: Setting CVar [[r.BloomQuality:5]]
[2023.04.16-16.29.09:911][  0]LogConfig: Setting CVar [[r.FastBlurThreshold:100]]
[2023.04.16-16.29.09:911][  0]LogConfig: Setting CVar [[r.Upscale.Quality:3]]
[2023.04.16-16.29.09:911][  0]LogConfig: Setting CVar [[r.Tonemapper.GrainQuantization:1]]
[2023.04.16-16.29.09:911][  0]LogConfig: Setting CVar [[r.LightShaftQuality:1]]
[2023.04.16-16.29.09:911][  0]LogConfig: Setting CVar [[r.Filter.SizeScale:1]]
[2023.04.16-16.29.09:911][  0]LogConfig: Setting CVar [[r.Tonemapper.Quality:5]]
[2023.04.16-16.29.09:911][  0]LogConfig: Setting CVar [[r.DOF.Gather.AccumulatorQuality:1        ; higher gathering accumulator quality]]
[2023.04.16-16.29.09:911][  0]LogConfig: Setting CVar [[r.DOF.Gather.PostfilterMethod:1          ; Median3x3 postfilering method]]
[2023.04.16-16.29.09:911][  0]LogConfig: Setting CVar [[r.DOF.Gather.EnableBokehSettings:0       ; no bokeh simulation when gathering]]
[2023.04.16-16.29.09:911][  0]LogConfig: Setting CVar [[r.DOF.Gather.RingCount:4                 ; medium number of samples when gathering]]
[2023.04.16-16.29.09:911][  0]LogConfig: Setting CVar [[r.DOF.Scatter.ForegroundCompositing:1    ; additive foreground scattering]]
[2023.04.16-16.29.09:911][  0]LogConfig: Setting CVar [[r.DOF.Scatter.BackgroundCompositing:2    ; additive background scattering]]
[2023.04.16-16.29.09:911][  0]LogConfig: Setting CVar [[r.DOF.Scatter.EnableBokehSettings:1      ; bokeh simulation when scattering]]
[2023.04.16-16.29.09:911][  0]LogConfig: Setting CVar [[r.DOF.Scatter.MaxSpriteRatio:0.1         ; only a maximum of 10% of scattered bokeh]]
[2023.04.16-16.29.09:911][  0]LogConfig: Setting CVar [[r.DOF.Recombine.Quality:1                ; cheap slight out of focus]]
[2023.04.16-16.29.09:911][  0]LogConfig: Setting CVar [[r.DOF.Recombine.EnableBokehSettings:0    ; no bokeh simulation on slight out of focus]]
[2023.04.16-16.29.09:911][  0]LogConfig: Setting CVar [[r.DOF.TemporalAAQuality:1                ; more stable temporal accumulation]]
[2023.04.16-16.29.09:911][  0]LogConfig: Setting CVar [[r.DOF.Kernel.MaxForegroundRadius:0.025]]
[2023.04.16-16.29.09:911][  0]LogConfig: Setting CVar [[r.DOF.Kernel.MaxBackgroundRadius:0.025]]
[2023.04.16-16.29.09:911][  0]LogConfig: Applying CVar settings from Section [TextureQuality@3] File [D:/DPL/Helloffice 2.0 ver/Helloffice_2_0_ver/Saved/Config/Windows/Scalability.ini]
[2023.04.16-16.29.09:911][  0]LogConfig: Setting CVar [[r.Streaming.MipBias:0]]
[2023.04.16-16.29.09:911][  0]LogConfig: Setting CVar [[r.Streaming.AmortizeCPUToGPUCopy:0]]
[2023.04.16-16.29.09:911][  0]LogConfig: Setting CVar [[r.Streaming.MaxNumTexturesToStreamPerFrame:0]]
[2023.04.16-16.29.09:911][  0]LogConfig: Setting CVar [[r.Streaming.Boost:1]]
[2023.04.16-16.29.09:911][  0]LogConfig: Setting CVar [[r.MaxAnisotropy:8]]
[2023.04.16-16.29.09:911][  0]LogConfig: Setting CVar [[r.VT.MaxAnisotropy:8]]
[2023.04.16-16.29.09:911][  0]LogConfig: Setting CVar [[r.Streaming.LimitPoolSizeToVRAM:0]]
[2023.04.16-16.29.09:911][  0]LogConfig: Setting CVar [[r.Streaming.PoolSize:1000]]
[2023.04.16-16.29.09:911][  0]LogConfig: Setting CVar [[r.Streaming.MaxEffectiveScreenSize:0]]
[2023.04.16-16.29.09:911][  0]LogConfig: Applying CVar settings from Section [EffectsQuality@3] File [D:/DPL/Helloffice 2.0 ver/Helloffice_2_0_ver/Saved/Config/Windows/Scalability.ini]
[2023.04.16-16.29.09:911][  0]LogConfig: Setting CVar [[r.TranslucencyLightingVolumeDim:64]]
[2023.04.16-16.29.09:911][  0]LogConfig: Setting CVar [[r.RefractionQuality:2]]
[2023.04.16-16.29.09:911][  0]LogConfig: Setting CVar [[r.SSR.Quality:3]]
[2023.04.16-16.29.09:911][  0]LogConfig: Setting CVar [[r.SSR.HalfResSceneColor:0]]
[2023.04.16-16.29.09:911][  0]LogConfig: Setting CVar [[r.SceneColorFormat:4]]
[2023.04.16-16.29.09:911][  0]LogConfig: Setting CVar [[r.DetailMode:2]]
[2023.04.16-16.29.09:911][  0]LogConfig: Setting CVar [[r.TranslucencyVolumeBlur:1]]
[2023.04.16-16.29.09:911][  0]LogConfig: Setting CVar [[r.MaterialQualityLevel:1 ; High quality]]
[2023.04.16-16.29.09:911][  0]LogConfig: Setting CVar [[r.AnisotropicMaterials:1]]
[2023.04.16-16.29.09:911][  0]LogConfig: Setting CVar [[r.SSS.Scale:1]]
[2023.04.16-16.29.09:911][  0]LogConfig: Setting CVar [[r.SSS.SampleSet:2]]
[2023.04.16-16.29.09:911][  0]LogConfig: Setting CVar [[r.SSS.Quality:1]]
[2023.04.16-16.29.09:911][  0]LogConfig: Setting CVar [[r.SSS.HalfRes:0]]
[2023.04.16-16.29.09:911][  0]LogConfig: Setting CVar [[r.SSGI.Quality:3]]
[2023.04.16-16.29.09:911][  0]LogConfig: Setting CVar [[r.EmitterSpawnRateScale:1.0]]
[2023.04.16-16.29.09:911][  0]LogConfig: Setting CVar [[r.ParticleLightQuality:2]]
[2023.04.16-16.29.09:911][  0]LogConfig: Setting CVar [[r.SkyAtmosphere.AerialPerspectiveLUT.FastApplyOnOpaque:1 ; Always have FastSkyLUT 1 in this case to avoid wrong sky]]
[2023.04.16-16.29.09:911][  0]LogConfig: Setting CVar [[r.SkyAtmosphere.AerialPerspectiveLUT.SampleCountMaxPerSlice:4]]
[2023.04.16-16.29.09:911][  0]LogConfig: Setting CVar [[r.SkyAtmosphere.AerialPerspectiveLUT.DepthResolution:16.0]]
[2023.04.16-16.29.09:911][  0]LogConfig: Setting CVar [[r.SkyAtmosphere.FastSkyLUT:1]]
[2023.04.16-16.29.09:911][  0]LogConfig: Setting CVar [[r.SkyAtmosphere.FastSkyLUT.SampleCountMin:4.0]]
[2023.04.16-16.29.09:911][  0]LogConfig: Setting CVar [[r.SkyAtmosphere.FastSkyLUT.SampleCountMax:128.0]]
[2023.04.16-16.29.09:911][  0]LogConfig: Setting CVar [[r.SkyAtmosphere.SampleCountMin:4.0]]
[2023.04.16-16.29.09:911][  0]LogConfig: Setting CVar [[r.SkyAtmosphere.SampleCountMax:128.0]]
[2023.04.16-16.29.09:911][  0]LogConfig: Setting CVar [[r.SkyAtmosphere.TransmittanceLUT.UseSmallFormat:0]]
[2023.04.16-16.29.09:911][  0]LogConfig: Setting CVar [[r.SkyAtmosphere.TransmittanceLUT.SampleCount:10.0]]
[2023.04.16-16.29.09:911][  0]LogConfig: Setting CVar [[r.SkyAtmosphere.MultiScatteringLUT.SampleCount:15.0]]
[2023.04.16-16.29.09:911][  0]LogConfig: Setting CVar [[r.SkyLight.RealTimeReflectionCapture:1]]
[2023.04.16-16.29.09:911][  0]LogConfig: Applying CVar settings from Section [FoliageQuality@3] File [D:/DPL/Helloffice 2.0 ver/Helloffice_2_0_ver/Saved/Config/Windows/Scalability.ini]
[2023.04.16-16.29.09:911][  0]LogConfig: Setting CVar [[foliage.DensityScale:1.0]]
[2023.04.16-16.29.09:911][  0]LogConfig: Setting CVar [[grass.DensityScale:1.0]]
[2023.04.16-16.29.09:911][  0]LogConfig: Applying CVar settings from Section [ShadingQuality@3] File [D:/DPL/Helloffice 2.0 ver/Helloffice_2_0_ver/Saved/Config/Windows/Scalability.ini]
[2023.04.16-16.29.09:911][  0]LogConfig: Setting CVar [[r.HairStrands.SkyLighting.IntegrationType:2]]
[2023.04.16-16.29.09:911][  0]LogConfig: Setting CVar [[r.HairStrands.SkyAO.SampleCount:4]]
[2023.04.16-16.29.09:911][  0]LogConfig: Setting CVar [[r.HairStrands.Visibility.MSAA.SamplePerPixel:4]]
[2023.04.16-16.29.09:911][  0]LogInit: Selected Device Profile: [Windows]
[2023.04.16-16.29.09:911][  0]LogInit: Applying CVar settings loaded from the selected device profile: [Windows]
[2023.04.16-16.29.09:912][  0]LogHAL: Display: Platform has ~ 16 GB [17106362368 / 17179869184 / 16], which maps to Larger [LargestMinGB=32, LargerMinGB=12, DefaultMinGB=8, SmallerMinGB=6, SmallestMinGB=0)
[2023.04.16-16.29.09:912][  0]LogInit: Going up to parent DeviceProfile []
[2023.04.16-16.29.09:912][  0]LogConfig: Applying CVar settings from Section [ViewDistanceQuality@Cine] File [D:/DPL/Helloffice 2.0 ver/Helloffice_2_0_ver/Saved/Config/Windows/Scalability.ini]
[2023.04.16-16.29.09:912][  0]LogConfig: Setting CVar [[r.SkeletalMeshLODBias:0]]
[2023.04.16-16.29.09:912][  0]LogConfig: Setting CVar [[r.ViewDistanceScale:10.0]]
[2023.04.16-16.29.09:912][  0]LogConfig: Applying CVar settings from Section [AntiAliasingQuality@1] File [D:/DPL/Helloffice 2.0 ver/Helloffice_2_0_ver/Saved/Config/Windows/Scalability.ini]
[2023.04.16-16.29.09:912][  0]LogConfig: Setting CVar [[r.PostProcessAAQuality:2]]
[2023.04.16-16.29.09:912][  0]LogConfig: Applying CVar settings from Section [ShadowQuality@2] File [D:/DPL/Helloffice 2.0 ver/Helloffice_2_0_ver/Saved/Config/Windows/Scalability.ini]
[2023.04.16-16.29.09:912][  0]LogConfig: Setting CVar [[r.LightFunctionQuality:1]]
[2023.04.16-16.29.09:912][  0]LogConfig: Setting CVar [[r.ShadowQuality:5]]
[2023.04.16-16.29.09:912][  0]LogConfig: Setting CVar [[r.Shadow.CSM.MaxCascades:4]]
[2023.04.16-16.29.09:912][  0]LogConfig: Setting CVar [[r.Shadow.MaxResolution:1024]]
[2023.04.16-16.29.09:912][  0]LogConfig: Setting CVar [[r.Shadow.MaxCSMResolution:2048]]
[2023.04.16-16.29.09:912][  0]LogConfig: Setting CVar [[r.Shadow.RadiusThreshold:0.04]]
[2023.04.16-16.29.09:912][  0]LogConfig: Setting CVar [[r.Shadow.DistanceScale:0.85]]
[2023.04.16-16.29.09:912][  0]LogConfig: Setting CVar [[r.Shadow.CSM.TransitionScale:0.8]]
[2023.04.16-16.29.09:912][  0]LogConfig: Setting CVar [[r.Shadow.PreShadowResolutionFactor:0.5]]
[2023.04.16-16.29.09:912][  0]LogConfig: Setting CVar [[r.DistanceFieldShadowing:1]]
[2023.04.16-16.29.09:912][  0]LogConfig: Setting CVar [[r.DistanceFieldAO:1]]
[2023.04.16-16.29.09:912][  0]LogConfig: Setting CVar [[r.AOQuality:1]]
[2023.04.16-16.29.09:912][  0]LogConfig: Setting CVar [[r.VolumetricFog:1]]
[2023.04.16-16.29.09:912][  0]LogConfig: Setting CVar [[r.VolumetricFog.GridPixelSize:16]]
[2023.04.16-16.29.09:912][  0]LogConfig: Setting CVar [[r.VolumetricFog.GridSizeZ:64]]
[2023.04.16-16.29.09:912][  0]LogConfig: Setting CVar [[r.VolumetricFog.HistoryMissSupersampleCount:4]]
[2023.04.16-16.29.09:912][  0]LogConfig: Setting CVar [[r.LightMaxDrawDistanceScale:1]]
[2023.04.16-16.29.09:912][  0]LogConfig: Setting CVar [[r.CapsuleShadows:1]]
[2023.04.16-16.29.09:912][  0]LogConfig: Applying CVar settings from Section [PostProcessQuality@0] File [D:/DPL/Helloffice 2.0 ver/Helloffice_2_0_ver/Saved/Config/Windows/Scalability.ini]
[2023.04.16-16.29.09:912][  0]LogConfig: Setting CVar [[r.MotionBlurQuality:0]]
[2023.04.16-16.29.09:912][  0]LogConfig: Setting CVar [[r.AmbientOcclusionMipLevelFactor:1.0]]
[2023.04.16-16.29.09:912][  0]LogConfig: Setting CVar [[r.AmbientOcclusionMaxQuality:0]]
[2023.04.16-16.29.09:912][  0]LogConfig: Setting CVar [[r.AmbientOcclusionLevels:0]]
[2023.04.16-16.29.09:912][  0]LogConfig: Setting CVar [[r.AmbientOcclusionRadiusScale:1.2]]
[2023.04.16-16.29.09:912][  0]LogConfig: Setting CVar [[r.DepthOfFieldQuality:0]]
[2023.04.16-16.29.09:912][  0]LogConfig: Setting CVar [[r.RenderTargetPoolMin:300]]
[2023.04.16-16.29.09:912][  0]LogConfig: Setting CVar [[r.LensFlareQuality:0]]
[2023.04.16-16.29.09:912][  0]LogConfig: Setting CVar [[r.SceneColorFringeQuality:0]]
[2023.04.16-16.29.09:912][  0]LogConfig: Setting CVar [[r.EyeAdaptationQuality:2]]
[2023.04.16-16.29.09:912][  0]LogConfig: Setting CVar [[r.BloomQuality:4]]
[2023.04.16-16.29.09:912][  0]LogConfig: Setting CVar [[r.FastBlurThreshold:0]]
[2023.04.16-16.29.09:912][  0]LogConfig: Setting CVar [[r.Upscale.Quality:1]]
[2023.04.16-16.29.09:912][  0]LogConfig: Setting CVar [[r.Tonemapper.GrainQuantization:0]]
[2023.04.16-16.29.09:912][  0]LogConfig: Setting CVar [[r.LightShaftQuality:0]]
[2023.04.16-16.29.09:912][  0]LogConfig: Setting CVar [[r.Filter.SizeScale:0.6]]
[2023.04.16-16.29.09:912][  0]LogConfig: Setting CVar [[r.Tonemapper.Quality:0]]
[2023.04.16-16.29.09:912][  0]LogConfig: Applying CVar settings from Section [TextureQuality@3] File [D:/DPL/Helloffice 2.0 ver/Helloffice_2_0_ver/Saved/Config/Windows/Scalability.ini]
[2023.04.16-16.29.09:912][  0]LogConfig: Setting CVar [[r.Streaming.MipBias:0]]
[2023.04.16-16.29.09:912][  0]LogConfig: Setting CVar [[r.Streaming.AmortizeCPUToGPUCopy:0]]
[2023.04.16-16.29.09:912][  0]LogConfig: Setting CVar [[r.Streaming.MaxNumTexturesToStreamPerFrame:0]]
[2023.04.16-16.29.09:912][  0]LogConfig: Setting CVar [[r.Streaming.Boost:1]]
[2023.04.16-16.29.09:912][  0]LogConfig: Setting CVar [[r.MaxAnisotropy:8]]
[2023.04.16-16.29.09:912][  0]LogConfig: Setting CVar [[r.VT.MaxAnisotropy:8]]
[2023.04.16-16.29.09:912][  0]LogConfig: Setting CVar [[r.Streaming.LimitPoolSizeToVRAM:0]]
[2023.04.16-16.29.09:912][  0]LogConfig: Setting CVar [[r.Streaming.PoolSize:1000]]
[2023.04.16-16.29.09:912][  0]LogConfig: Setting CVar [[r.Streaming.MaxEffectiveScreenSize:0]]
[2023.04.16-16.29.09:912][  0]LogConfig: Applying CVar settings from Section [EffectsQuality@3] File [D:/DPL/Helloffice 2.0 ver/Helloffice_2_0_ver/Saved/Config/Windows/Scalability.ini]
[2023.04.16-16.29.09:912][  0]LogConfig: Setting CVar [[r.TranslucencyLightingVolumeDim:64]]
[2023.04.16-16.29.09:912][  0]LogConfig: Setting CVar [[r.RefractionQuality:2]]
[2023.04.16-16.29.09:912][  0]LogConfig: Setting CVar [[r.SSR.Quality:3]]
[2023.04.16-16.29.09:912][  0]LogConfig: Setting CVar [[r.SSR.HalfResSceneColor:0]]
[2023.04.16-16.29.09:912][  0]LogConfig: Setting CVar [[r.SceneColorFormat:4]]
[2023.04.16-16.29.09:912][  0]LogConfig: Setting CVar [[r.DetailMode:2]]
[2023.04.16-16.29.09:912][  0]LogConfig: Setting CVar [[r.TranslucencyVolumeBlur:1]]
[2023.04.16-16.29.09:912][  0]LogConfig: Setting CVar [[r.MaterialQualityLevel:1 ; High quality]]
[2023.04.16-16.29.09:912][  0]LogConfig: Setting CVar [[r.AnisotropicMaterials:1]]
[2023.04.16-16.29.09:912][  0]LogConfig: Setting CVar [[r.SSS.Scale:1]]
[2023.04.16-16.29.09:912][  0]LogConfig: Setting CVar [[r.SSS.SampleSet:2]]
[2023.04.16-16.29.09:912][  0]LogConfig: Setting CVar [[r.SSS.Quality:1]]
[2023.04.16-16.29.09:912][  0]LogConfig: Setting CVar [[r.SSS.HalfRes:0]]
[2023.04.16-16.29.09:912][  0]LogConfig: Setting CVar [[r.SSGI.Quality:3]]
[2023.04.16-16.29.09:912][  0]LogConfig: Setting CVar [[r.EmitterSpawnRateScale:1.0]]
[2023.04.16-16.29.09:912][  0]LogConfig: Setting CVar [[r.ParticleLightQuality:2]]
[2023.04.16-16.29.09:912][  0]LogConfig: Setting CVar [[r.SkyAtmosphere.AerialPerspectiveLUT.FastApplyOnOpaque:1 ; Always have FastSkyLUT 1 in this case to avoid wrong sky]]
[2023.04.16-16.29.09:912][  0]LogConfig: Setting CVar [[r.SkyAtmosphere.AerialPerspectiveLUT.SampleCountMaxPerSlice:4]]
[2023.04.16-16.29.09:912][  0]LogConfig: Setting CVar [[r.SkyAtmosphere.AerialPerspectiveLUT.DepthResolution:16.0]]
[2023.04.16-16.29.09:912][  0]LogConfig: Setting CVar [[r.SkyAtmosphere.FastSkyLUT:1]]
[2023.04.16-16.29.09:912][  0]LogConfig: Setting CVar [[r.SkyAtmosphere.FastSkyLUT.SampleCountMin:4.0]]
[2023.04.16-16.29.09:912][  0]LogConfig: Setting CVar [[r.SkyAtmosphere.FastSkyLUT.SampleCountMax:128.0]]
[2023.04.16-16.29.09:912][  0]LogConfig: Setting CVar [[r.SkyAtmosphere.SampleCountMin:4.0]]
[2023.04.16-16.29.09:912][  0]LogConfig: Setting CVar [[r.SkyAtmosphere.SampleCountMax:128.0]]
[2023.04.16-16.29.09:913][  0]LogConfig: Setting CVar [[r.SkyAtmosphere.TransmittanceLUT.UseSmallFormat:0]]
[2023.04.16-16.29.09:913][  0]LogConfig: Setting CVar [[r.SkyAtmosphere.TransmittanceLUT.SampleCount:10.0]]
[2023.04.16-16.29.09:913][  0]LogConfig: Setting CVar [[r.SkyAtmosphere.MultiScatteringLUT.SampleCount:15.0]]
[2023.04.16-16.29.09:913][  0]LogConfig: Setting CVar [[r.SkyLight.RealTimeReflectionCapture:1]]
[2023.04.16-16.29.09:913][  0]LogConfig: Applying CVar settings from Section [FoliageQuality@3] File [D:/DPL/Helloffice 2.0 ver/Helloffice_2_0_ver/Saved/Config/Windows/Scalability.ini]
[2023.04.16-16.29.09:913][  0]LogConfig: Setting CVar [[foliage.DensityScale:1.0]]
[2023.04.16-16.29.09:913][  0]LogConfig: Setting CVar [[grass.DensityScale:1.0]]
[2023.04.16-16.29.09:913][  0]LogConfig: Applying CVar settings from Section [ShadingQuality@3] File [D:/DPL/Helloffice 2.0 ver/Helloffice_2_0_ver/Saved/Config/Windows/Scalability.ini]
[2023.04.16-16.29.09:913][  0]LogConfig: Setting CVar [[r.HairStrands.SkyLighting.IntegrationType:2]]
[2023.04.16-16.29.09:913][  0]LogConfig: Setting CVar [[r.HairStrands.SkyAO.SampleCount:4]]
[2023.04.16-16.29.09:913][  0]LogConfig: Setting CVar [[r.HairStrands.Visibility.MSAA.SamplePerPixel:4]]
[2023.04.16-16.29.09:913][  0]LogConfig: Applying CVar settings from Section [Startup] File [../../../Engine/Config/ConsoleVariables.ini]
[2023.04.16-16.29.09:913][  0]LogConfig: Setting CVar [[net.UseAdaptiveNetUpdateFrequency:0]]
[2023.04.16-16.29.09:913][  0]LogConfig: Setting CVar [[p.chaos.AllowCreatePhysxBodies:1]]
[2023.04.16-16.29.09:913][  0]LogConfig: Setting CVar [[fx.SkipVectorVMBackendOptimizations:1]]
[2023.04.16-16.29.09:913][  0]LogConfig: Applying CVar settings from Section [ConsoleVariables] File [D:/DPL/Helloffice 2.0 ver/Helloffice_2_0_ver/Saved/Config/Windows/Engine.ini]
[2023.04.16-16.29.09:913][  0]LogConfig: Applying CVar settings from Section [ConsoleVariables] File [D:/DPL/Helloffice 2.0 ver/Helloffice_2_0_ver/Saved/Config/Windows/Editor.ini]
[2023.04.16-16.29.09:913][  0]LogInit: Computer: DESKTOP-HQ82KRT
[2023.04.16-16.29.09:913][  0]LogInit: User: sasha
[2023.04.16-16.29.09:913][  0]LogInit: CPU Page size=4096, Cores=6
[2023.04.16-16.29.09:913][  0]LogInit: High frequency timer resolution =10.000000 MHz
[2023.04.16-16.29.09:913][  0]LogMemory: Memory total: Physical=15.9GB (16GB approx)
[2023.04.16-16.29.09:913][  0]LogMemory: Platform Memory Stats for Windows
[2023.04.16-16.29.09:913][  0]LogMemory: Process Physical Memory: 142.31 MB used, 142.31 MB peak
[2023.04.16-16.29.09:913][  0]LogMemory: Process Virtual Memory: 113.86 MB used, 113.86 MB peak
[2023.04.16-16.29.09:913][  0]LogMemory: Physical Memory: 9696.87 MB used,  6617.03 MB free, 16313.90 MB total
[2023.04.16-16.29.09:913][  0]LogMemory: Virtual Memory: 134214760.00 MB used,  2966.43 MB free, 134217728.00 MB total
[2023.04.16-16.29.09:918][  0]LogWindows: WindowsPlatformFeatures enabled
[2023.04.16-16.29.09:960][  0]LogInit: Physics initialised using underlying interface: PhysX
[2023.04.16-16.29.09:960][  0]LogInit: Using OS detected language (ru-RU).
[2023.04.16-16.29.09:960][  0]LogInit: Using OS detected locale (ru-RU).
[2023.04.16-16.29.09:962][  0]LogTextLocalizationManager: No specific localization for 'ru-RU' exists, so the 'ru' localization will be used.
[2023.04.16-16.29.09:963][  0]LogTextLocalizationResource: LocRes '../../../Engine/Content/Localization/Editor/ru/Editor.locres' could not be opened for reading!
[2023.04.16-16.29.09:963][  0]LogTextLocalizationResource: LocRes '../../../Engine/Content/Localization/EditorTutorials/ru/EditorTutorials.locres' could not be opened for reading!
[2023.04.16-16.29.09:963][  0]LogTextLocalizationResource: LocRes '../../../Engine/Content/Localization/Keywords/ru/Keywords.locres' could not be opened for reading!
[2023.04.16-16.29.09:963][  0]LogTextLocalizationResource: LocRes '../../../Engine/Content/Localization/Category/ru/Category.locres' could not be opened for reading!
[2023.04.16-16.29.09:963][  0]LogTextLocalizationResource: LocRes '../../../Engine/Content/Localization/ToolTips/ru/ToolTips.locres' could not be opened for reading!
[2023.04.16-16.29.09:963][  0]LogTextLocalizationResource: LocRes '../../../Engine/Content/Localization/PropertyNames/ru/PropertyNames.locres' could not be opened for reading!
[2023.04.16-16.29.09:963][  0]LogTextLocalizationResource: LocRes '../../../Engine/Content/Localization/Engine/ru/Engine.locres' could not be opened for reading!
[2023.04.16-16.29.09:975][  0]LogWindowsTextInputMethodSystem: Display: IME system deactivated.
[2023.04.16-16.29.09:995][  0]LogSlate: New Slate User Created.  User Index 0, Is Virtual User: 0
[2023.04.16-16.29.09:995][  0]LogSlate: Slate User Registered.  User Index 0, Is Virtual User: 0
[2023.04.16-16.29.10:011][  0]LogD3D11RHI: Loaded GFSDK_Aftermath_Lib.x64.dll
[2023.04.16-16.29.10:013][  0]LogHMD: Failed to initialize OpenVR with code 110
[2023.04.16-16.29.10:013][  0]LogD3D11RHI: D3D11 min allowed feature level: 11_0
[2023.04.16-16.29.10:013][  0]LogD3D11RHI: D3D11 max allowed feature level: 11_0
[2023.04.16-16.29.10:013][  0]LogD3D11RHI: D3D11 adapters:
[2023.04.16-16.29.10:159][  0]LogD3D11RHI:    0. 'NVIDIA GeForce RTX 2060' (Feature Level 11_0)
[2023.04.16-16.29.10:159][  0]LogD3D11RHI:       5958/0/8156 MB DedicatedVideo/DedicatedSystem/SharedSystem, Outputs:1, VendorId:0x10de
[2023.04.16-16.29.10:161][  0]LogD3D11RHI:    1. 'Microsoft Basic Render Driver' (Feature Level 11_0)
[2023.04.16-16.29.10:161][  0]LogD3D11RHI:       0/0/8156 MB DedicatedVideo/DedicatedSystem/SharedSystem, Outputs:0, VendorId:0x1414
[2023.04.16-16.29.10:161][  0]LogD3D11RHI: Chosen D3D11 Adapter:
[2023.04.16-16.29.10:161][  0]LogD3D11RHI:     Description : NVIDIA GeForce RTX 2060
[2023.04.16-16.29.10:161][  0]LogD3D11RHI:     VendorId    : 10de
[2023.04.16-16.29.10:161][  0]LogD3D11RHI:     DeviceId    : 1e89
[2023.04.16-16.29.10:161][  0]LogD3D11RHI:     SubSysId    : 134d10de
[2023.04.16-16.29.10:161][  0]LogD3D11RHI:     Revision    : 00a1
[2023.04.16-16.29.10:161][  0]LogD3D11RHI:     DedicatedVideoMemory : 6247415808 bytes
[2023.04.16-16.29.10:161][  0]LogD3D11RHI:     DedicatedSystemMemory : 0 bytes
[2023.04.16-16.29.10:161][  0]LogD3D11RHI:     SharedSystemMemory : 8553181184 bytes
[2023.04.16-16.29.10:161][  0]LogD3D11RHI:     AdapterLuid : 0 41180
[2023.04.16-16.29.10:168][  0]LogD3D11RHI: Creating new Direct3DDevice
[2023.04.16-16.29.10:168][  0]LogD3D11RHI:     GPU DeviceId: 0x1e89 (for the marketing name, search the web for "GPU Device Id")
[2023.04.16-16.29.10:168][  0]LogWindows: EnumDisplayDevices:
[2023.04.16-16.29.10:168][  0]LogWindows:    0. 'NVIDIA GeForce RTX 2060' (P:1 D:1)
[2023.04.16-16.29.10:168][  0]LogWindows:    1. 'NVIDIA GeForce RTX 2060' (P:0 D:0)
[2023.04.16-16.29.10:168][  0]LogWindows:    2. 'NVIDIA GeForce RTX 2060' (P:0 D:0)
[2023.04.16-16.29.10:169][  0]LogWindows:    3. 'NVIDIA GeForce RTX 2060' (P:0 D:0)
[2023.04.16-16.29.10:169][  0]LogWindows: DebugString: FoundDriverCount:4 
[2023.04.16-16.29.10:169][  0]LogD3D11RHI:     Adapter Name: NVIDIA GeForce RTX 2060
[2023.04.16-16.29.10:169][  0]LogD3D11RHI:   Driver Version: 531.29 (internal:31.0.15.3129, unified:531.29)
[2023.04.16-16.29.10:169][  0]LogD3D11RHI:      Driver Date: 3-8-2023
[2023.04.16-16.29.10:169][  0]LogRHI: Texture pool is 4170 MB (70% of 5958 MB)
[2023.04.16-16.29.10:169][  0]LogD3D11RHI: Creating D3DDevice using adapter:
[2023.04.16-16.29.10:169][  0]LogD3D11RHI:     Description : NVIDIA GeForce RTX 2060
[2023.04.16-16.29.10:169][  0]LogD3D11RHI:     VendorId    : 10de
[2023.04.16-16.29.10:169][  0]LogD3D11RHI:     DeviceId    : 1e89
[2023.04.16-16.29.10:169][  0]LogD3D11RHI:     SubSysId    : 134d10de
[2023.04.16-16.29.10:169][  0]LogD3D11RHI:     Revision    : 00a1
[2023.04.16-16.29.10:169][  0]LogD3D11RHI:     DedicatedVideoMemory : 6247415808 bytes
[2023.04.16-16.29.10:169][  0]LogD3D11RHI:     DedicatedSystemMemory : 0 bytes
[2023.04.16-16.29.10:169][  0]LogD3D11RHI:     SharedSystemMemory : 8553181184 bytes
[2023.04.16-16.29.10:169][  0]LogD3D11RHI:     AdapterLuid : 0 41180
[2023.04.16-16.29.10:264][  0]LogD3D11RHI: RHI has support for 64 bit atomics
[2023.04.16-16.29.10:264][  0]LogD3D11RHI: Async texture creation enabled
[2023.04.16-16.29.10:264][  0]LogD3D11RHI: Array index from any shader is supported
[2023.04.16-16.29.10:286][  0]LogD3D11RHI: GPU Timing Frequency: 1000.000000 (Debug: 2 1)
[2023.04.16-16.29.10:325][  0]LogRHI: GeForceNow SDK initialized: 1
[2023.04.16-16.29.10:592][  0]LogTargetPlatformManager: Display: Loaded TargetPlatform 'WindowsNoEditor'
[2023.04.16-16.29.10:597][  0]LogTargetPlatformManager: Display: Loaded TargetPlatform 'Windows'
[2023.04.16-16.29.10:602][  0]LogTargetPlatformManager: Display: Loaded TargetPlatform 'WindowsClient'
[2023.04.16-16.29.10:606][  0]LogTargetPlatformManager: Display: Loaded TargetPlatform 'WindowsServer'
[2023.04.16-16.29.10:606][  0]LogTargetPlatformManager: Display: Building Assets For Windows
[2023.04.16-16.29.10:612][  0]LogAudioDebug: Display: Lib vorbis DLL was dynamically loaded.
[2023.04.16-16.29.10:635][  0]LogTextureFormatOodle: Display: Oodle Texture 2.9.0 init RDO Off
[2023.04.16-16.29.10:660][  0]LogRendererCore: Ray tracing is disabled. Reason: r.RayTracing=0.
[2023.04.16-16.29.10:660][  0]LogShaderCompilers: Guid format shader working directory is -13 characters bigger than the processId version (../../../../../../DPL/Helloffice 2.0 ver/Helloffice_2_0_ver/Intermediate/Shaders/WorkingDirectory/1016/).
[2023.04.16-16.29.10:660][  0]LogShaderCompilers: Cleaned the shader compiler working directory 'C:/Users/sasha/AppData/Local/Temp/UnrealShaderWorkingDir/50D2431C4D19D97C285511BABF275F1B/'.
[2023.04.16-16.29.10:661][  0]LogShaderCompilers: Display: Using XGE Controller for Shader Compilation.
[2023.04.16-16.29.11:365][  0]LogDerivedDataCache: Display: Max Cache Size: 512 MB
[2023.04.16-16.29.11:429][  0]LogDerivedDataCache: Loaded boot cache 0.06s 94MB C:/Users/sasha/AppData/Local/UnrealEngine/4.27/DerivedDataCache/Boot.ddc.
[2023.04.16-16.29.11:429][  0]LogDerivedDataCache: Display: Loaded Boot cache: C:/Users/sasha/AppData/Local/UnrealEngine/4.27/DerivedDataCache/Boot.ddc
[2023.04.16-16.29.11:429][  0]LogDerivedDataCache: FDerivedDataBackendGraph:  Pak pak cache file ../../../../../../DPL/Helloffice 2.0 ver/Helloffice_2_0_ver/DerivedDataCache/DDC.ddp not found, will not use a pak cache.
[2023.04.16-16.29.11:429][  0]LogDerivedDataCache: Unable to find inner node Pak for hierarchical cache Hierarchy.
[2023.04.16-16.29.11:429][  0]LogDerivedDataCache: FDerivedDataBackendGraph:  CompressedPak pak cache file ../../../../../../DPL/Helloffice 2.0 ver/Helloffice_2_0_ver/DerivedDataCache/Compressed.ddp not found, will not use a pak cache.
[2023.04.16-16.29.11:430][  0]LogDerivedDataCache: Unable to find inner node CompressedPak for hierarchical cache Hierarchy.
[2023.04.16-16.29.11:445][  0]LogDerivedDataCache: Display: Pak cache opened for reading ../../../Engine/DerivedDataCache/Compressed.ddp.
[2023.04.16-16.29.11:445][  0]LogDerivedDataCache: FDerivedDataBackendGraph:  EnterprisePak pak cache file ../../../Enterprise/DerivedDataCache/Compressed.ddp not found, will not use a pak cache.
[2023.04.16-16.29.11:445][  0]LogDerivedDataCache: Unable to find inner node EnterprisePak for hierarchical cache Hierarchy.
[2023.04.16-16.29.11:451][  0]LogDerivedDataCache: Speed tests for C:/Users/sasha/AppData/Local/UnrealEngine/Common/DerivedDataCache took 0.01 seconds
[2023.04.16-16.29.11:451][  0]LogDerivedDataCache: Display: Performance to C:/Users/sasha/AppData/Local/UnrealEngine/Common/DerivedDataCache: Latency=0.03ms. RandomReadSpeed=1246.23MBs, RandomWriteSpeed=191.95MBs. Assigned SpeedClass 'Local'
[2023.04.16-16.29.11:452][  0]LogDerivedDataCache: Using Local data cache path C:/Users/sasha/AppData/Local/UnrealEngine/Common/DerivedDataCache: Writable
[2023.04.16-16.29.11:452][  0]LogDerivedDataCache: Shared data cache path not found in *engine.ini, will not use an Shared cache.
[2023.04.16-16.29.11:452][  0]LogDerivedDataCache: Unable to find inner node Shared for hierarchical cache Hierarchy.
[2023.04.16-16.29.11:487][  0]LogSlate: Using FreeType 2.10.0
[2023.04.16-16.29.11:488][  0]LogSlate: SlateFontServices - WITH_FREETYPE: 1, WITH_HARFBUZZ: 1
[2023.04.16-16.29.11:572][  0]LogInit: Using OS detected language (ru-RU).
[2023.04.16-16.29.11:572][  0]LogInit: Using OS detected locale (ru-RU).
[2023.04.16-16.29.11:572][  0]LogTextLocalizationManager: No localization for 'ru-RU' exists, so 'en' will be used for the language.
[2023.04.16-16.29.11:572][  0]LogTextLocalizationManager: No localization for 'ru-RU' exists, so 'en' will be used for the locale.
[2023.04.16-16.29.11:573][  0]LogSlate: FontCache flush requested. Reason: Culture for localization was changed
[2023.04.16-16.29.11:573][  0]LogSlate: FontCache flush requested. Reason: Culture for localization was changed
[2023.04.16-16.29.11:575][  0]LogAssetRegistry: FAssetRegistry took 0.0015 seconds to start up
[2023.04.16-16.29.11:726][  0]LogTextLocalizationManager: Compacting localization data took   0.00ms
[2023.04.16-16.29.11:726][  0]LogPackageLocalizationCache: Processed 27 localized package path(s) for 1 prioritized culture(s) in 0.000913 seconds
[2023.04.16-16.29.11:781][  0]LogInit: Selected Device Profile: [Windows]
[2023.04.16-16.29.11:781][  0]LogInit: Active device profile: [000001C97F852B00][000001C976B282C0 49] Windows
[2023.04.16-16.29.11:781][  0]LogInit: Profiles: [000001C97F852B00][000001C976B282C0 49] Windows, [000001C97F81AF00][000001C976678440 49] WindowsNoEditor, [000001C97F853600][000001C97667C5C0 49] WindowsServer, [000001C97F818B00][000001C976680740 49] WindowsClient, [000001C97F850B00][000001C9766848C0 49] IOS, [000001C97F81B600][000001C976688A40 49] iPadAir, [000001C97F852800][000001C97668CBC0 49] iPadAir2, [000001C97F7BA500][000001C976EFEE80 49] IPadPro, [000001C97F7BA600][000001C976EFAEC0 49] iPadAir3, [000001C97F850600][000001C976F03040 49] iPadAir4, [000001C97F7BAE00][000001C976F071C0 49] iPadMini2, [000001C97F853700][000001C976F0B340 49] iPadMini3, [000001C97F7BAF00][000001C976F0F4C0 49] iPadMini4, [000001C97F851400][000001C976F13640 49] iPadMini5, [000001C97F7DDE00][000001C976F17880 49] iPhone6, [000001C97F7DDF00][000001C976B2D8C0 49] iPodTouch6, [000001C97F7BAC00][000001C976F1FB00 49] iPhone7, [000001C97F7B9D00][000001C976F1BB40 49] iPodTouch7, [000001C97F7DC100][000001C976F26140 49] iPhone5S, [000001C97F7BA300][000001C976F2A2C0 49] iPhone6Plus, [000001C97F7DE900][000001C976F2E440 49] iPhone6S, [000001C97F7BA100][000001C976F325C0 49] iPhone6SPlus, [000001C97F7DCE00][000001C976F36740 49] iPhone7Plus, [000001C97F7B9500][000001C976F3A8C0 49] iPhoneSE, [000001C97F7DD200][000001C9772ECA40 49] iPhone8, [000001C97F7BB600][000001C9772F0BC0 49] iPhone8Plus, [000001C97F7DCD00][000001C9772F4D40 49] iPhoneX, [000001C97F7BB400][000001C9772F8EC0 49] iPhoneXS, [000001C97F7DDD00][000001C9772FD040 49] iPhoneXSMax, [000001C97F7B8E00][000001C9773011C0 49] iPhoneXR, [000001C97F7DDC00][000001C977305340 49] iPhone11, [000001C97F7BB100][000001C9773094C0 49] iPhone11Pro, [000001C97F7DE200][000001C97730D640 49] iPhone11ProMax, [000001C97F7B9F00][000001C9773117C0 49] iPhoneSE2, [000001C97F7DC700][000001C976F23900 49] iPhone12Mini, [000001C97F7B8200][000001C977315A40 49] iPhone12, [000001C97F7DC600][000001C977319B80 49] iPhone12Pro, [000001C97F7B8300][000001C97731C140 49] iPhone12ProMax, [000001C97F7DE000][000001C9773242C0 49] iPadPro105, [000001C97F7B8F00][000001C977328440 49] iPadPro129, [000001C97F7DE500][000001C97732C5C0 49] iPadPro97, [000001C97F7B9800][000001C977330740 49] iPadPro2_129, [000001C97F7DCB00][000001C9773348C0 49] iPad5, [000001C97F7BB200][000001C977338A40 49] iPad6, [000001C97F7DD900][000001C97733CBC0 49] iPad7, [000001C97F7BBE00][000001C977340D40 49] iPad8, [000001C97F7DEA00][000001C977344EC0 49] iPadPro11, [000001C97F7BBC00][000001C977349040 49] iPadPro2_11, [000001C97F81B100][000001C97734D1C0 49] iPadPro3_129, [000001C97F899100][000001C9764AF340 49] iPadPro4_129, [000001C97F81AA00][000001C9764B34C0 49] AppleTV, [000001C97F898A00][000001C9764B7640 49] AppleTV4K, [000001C97F818A00][000001C9764BB7C0 49] TVOS, [000001C97F899700][000001C9764BF940 49] Mac, [000001C97F818E00][000001C9764C3AC0 49] MacClient, [000001C97F899000][000001C977321C00 49] MacNoEditor, [000001C97F818F00][000001C9764C61C0 49] MacServer, [000001C97F898500][000001C9764CA300 49] Linux, [000001C97F818700][000001C9764D2480 49] LinuxAArch64, [000001C97F899D00][000001C9764D6600 49] LinuxNoEditor, [000001C97F81BD00][000001C9764DA780 49] LinuxAArch64NoEditor, [000001C97F898F00][000001C9764DE900 49] LinuxClient, [000001C97F81A900][000001C9764E2A80 49] LinuxAArch64Client, [000001C97F899500][000001C9764E6C00 49] LinuxServer, [000001C97F7BA800][000001C9764EAD80 49] LinuxAArch64Server, [000001C97F7DD000][000001C9764EEF00 49] Android, [000001C97F7BB900][000001C9764F3080 49] Android_Low, [000001C97F7DF700][000001C9764F7200 49] Android_Mid, [000001C97F7B9700][000001C9764FB380 49] Android_High, [000001C97F7DFE00][000001C9764FF500 49] Android_Default, [000001C97F7BBB00][000001C976503680 49] Android_Adreno4xx, [000001C97F7DD400][000001C976507800 49] Android_Adreno5xx_Low, [000001C97F7B8D00][000001C97650B980 49] Android_Adreno5xx, [000001C97F7DF500][000001C97650FB00 49] Android_Adreno6xx, [000001C97F7B9300][000001C976512100 49] Android_Adreno6xx_Vulkan, [000001C97F7DFA00][000001C9764CE240 49] Android_Mali_T6xx, [000001C97F7B9200][000001C976516380 49] Android_Mali_T7xx, [000001C97F898C00][000001C97651A4C0 49] Android_Mali_T8xx, [000001C97F7B9400][000001C976522640 49] Android_Mali_G71, [000001C97F898400][000001C9765267C0 49] Android_Mali_G72, [000001C97F7BB300][000001C97652A940 49] Android_Mali_G72_Vulkan, [000001C97F899F00][000001C97652EAC0 49] Android_Mali_G76, [000001C97F7BB000][000001C976532C40 49] Android_Mali_G76_Vulkan, [000001C97F899300][000001C976536DC0 49] Android_Mali_G77, [000001C97F7B9600][000001C97653AF40 49] Android_Mali_G77_Vulkan, [000001C97F7DD700][000001C97653F0C0 49] Android_Mali_G78, [000001C97F7B8600][000001C976543240 49] Android_Mali_G78_Vulkan, [000001C97F7DF100][000001C9765473C0 49] Android_Mali_G710, [000001C97F7B9C00][000001C97654B540 49] Android_Mali_G710_Vulkan, [000001C97F7DF900][000001C97654F6C0 49] Android_Vulkan_SM5, [000001C97F7BAA00][000001C976553840 49] Android_PowerVR_G6xxx, [000001C97F7DF300][000001C9765579C0 49] Android_PowerVR_GT7xxx, [000001C97F7B9E00][000001C97655BB40 49] Android_PowerVR_GE8xxx, [000001C97F7DD500][000001C97655E140 49] Android_PowerVR_GM9xxx, [000001C97F7BBA00][000001C9765622C0 49] Android_PowerVR_GM9xxx_Vulkan, [000001C97F7DF600][000001C97651E400 49] Android_TegraK1, [000001C97F7B8B00][000001C976566540 49] Android_Unknown_Vulkan, [000001C97F7DE700][000001C97656A680 49] Lumin, [000001C97F7B8400][000001C97656E7C0 49] Lumin_Desktop, [000001C97F7DCF00][000001C976576940 49] HoloLens, 
[2023.04.16-16.29.11:813][  0]LogMeshReduction: Using QuadricMeshReduction for automatic static mesh reduction
[2023.04.16-16.29.11:813][  0]LogMeshReduction: Using SimplygonMeshReduction for automatic skeletal mesh reduction
[2023.04.16-16.29.11:813][  0]LogMeshReduction: Using ProxyLODMeshReduction for automatic mesh merging
[2023.04.16-16.29.11:813][  0]LogMeshReduction: No distributed automatic mesh merging module available
[2023.04.16-16.29.11:813][  0]LogMeshMerging: No distributed automatic mesh merging module available
[2023.04.16-16.29.11:906][  0]LogNetVersion: Helloffice_2_0_ver 1.0.0, NetCL: 17155196, EngineNetVer: 17, GameNetVer: 0 (Checksum: 944256662)
[2023.04.16-16.29.12:102][  0]LogTexture: Default maximum texture size for cubemaps generated from long-lat sources has been changed from 512 to unlimited. In order to preserve old behaiour for '/Engine/MapTemplates/Sky/DaylightAmbientCubemap.DaylightAmbientCubemap', its maximum texture size has been explicitly set to 512.
[2023.04.16-16.29.12:151][  0]LogHMD: PokeAHoleMaterial loaded successfully
[2023.04.16-16.29.12:229][  0]LogMoviePlayer: Initializing movie player
[2023.04.16-16.29.12:352][  0]LogNiagaraDebuggerClient: Niagara Debugger Client Initialized | Session: 6AD9855F4696BF451E2CDC97836A215B | Instance: EF95BBA94DEE1105D7F6969EBAA216E5 (DESKTOP-HQ82KRT-1016).
[2023.04.16-16.29.12:367][  0]LogCollectionManager: Loaded 0 collections in 0.000627 seconds
[2023.04.16-16.29.12:369][  0]LogFileCache: Scanning file cache for directory 'D:/DPL/Helloffice 2.0 ver/Helloffice_2_0_ver/Saved/Collections/' took 0.00s
[2023.04.16-16.29.12:369][  0]LogFileCache: Scanning file cache for directory 'D:/DPL/Helloffice 2.0 ver/Helloffice_2_0_ver/Content/Developers/sasha/Collections/' took 0.00s
[2023.04.16-16.29.12:369][  0]LogFileCache: Scanning file cache for directory 'D:/DPL/Helloffice 2.0 ver/Helloffice_2_0_ver/Content/Collections/' took 0.00s
[2023.04.16-16.29.12:369][  0]LogCollectionManager: Fixed up redirectors for 0 collections in 0.000002 seconds (updated 0 objects)
[2023.04.16-16.29.12:383][  0]LogPython: Using Python 3.7.7
[2023.04.16-16.29.12:798][  0]LogTcpMessaging: Initializing TcpMessaging bridge
[2023.04.16-16.29.12:802][  0]LogUdpMessaging: Initializing bridge on interface 0.0.0.0:0 to multicast group 230.0.0.1:6666.
[2023.04.16-16.29.12:947][  0]SourceControl: Source control is disabled
[2023.04.16-16.29.12:947][  0]SourceControl: Source control is disabled
[2023.04.16-16.29.12:949][  0]SourceControl: Source control is disabled
[2023.04.16-16.29.12:956][  0]LogUProjectInfo: Found projects:
[2023.04.16-16.29.13:022][  0]LogOpenImageDenoise: OIDN starting up
[2023.04.16-16.29.13:038][  0]LogAndroidPermission: UAndroidPermissionCallbackProxy::GetInstance
[2023.04.16-16.29.13:055][  0]LogAudioCaptureCore: Display: No Audio Capture implementations found. Audio input will be silent.
[2023.04.16-16.29.13:055][  0]LogAudioCaptureCore: Display: No Audio Capture implementations found. Audio input will be silent.
[2023.04.16-16.29.13:124][  0]LogOcInput: OculusInput pre-init called
[2023.04.16-16.29.13:133][  0]LogUObjectArray: 22121 objects as part of root set at end of initial load.
[2023.04.16-16.29.13:134][  0]LogUObjectAllocator: 5975632 out of 0 bytes used by permanent object pool.
[2023.04.16-16.29.13:134][  0]LogUObjectArray: CloseDisregardForGC: 0/0 objects in disregard for GC pool
[2023.04.16-16.29.13:177][  0]LogEngine: Initializing Engine...
[2023.04.16-16.29.13:178][  0]LogHMD: Failed to enumerate extensions. Please check that you have a valid OpenXR runtime installed.
[2023.04.16-16.29.13:179][  0]LogHMD: Failed to initialize OpenVR with code 110
[2023.04.16-16.29.13:179][  0]LogMagicLeap: Warning: VR disabled because ZI is not enabled.  To enable, in the editor, Edit -> Project Settings -> Plugins -> Magic Leap Plugin -> Enable Zero Iteration
[2023.04.16-16.29.13:180][  0]LogStats: UGameplayTagsManager::InitializeManager -  0.000 s
[2023.04.16-16.29.13:268][  0]LogInit: Initializing FReadOnlyCVARCache
[2023.04.16-16.29.13:268][  0]LogAudio: Display: Initializing Audio Device Manager...
[2023.04.16-16.29.13:277][  0]LogAudio: Display: Loading Default Audio Settings Objects...
[2023.04.16-16.29.13:277][  0]LogAudio: Display: No default SoundConcurrencyObject specified (or failed to load).
[2023.04.16-16.29.13:277][  0]LogAudio: Display: Audio Device Manager Initialized
[2023.04.16-16.29.13:277][  0]LogAudio: Display: Creating Audio Device:                 Id: 1, Scope: Shared, Realtime: True
[2023.04.16-16.29.13:277][  0]LogAudioMixer: Display: Audio Mixer Platform Settings:
[2023.04.16-16.29.13:277][  0]LogAudioMixer: Display: 	Sample Rate:						  48000
[2023.04.16-16.29.13:278][  0]LogAudioMixer: Display: 	Callback Buffer Frame Size Requested: 1024
[2023.04.16-16.29.13:278][  0]LogAudioMixer: Display: 	Callback Buffer Frame Size To Use:	  1024
[2023.04.16-16.29.13:278][  0]LogAudioMixer: Display: 	Number of buffers to queue:			  2
[2023.04.16-16.29.13:278][  0]LogAudioMixer: Display: 	Max Channels (voices):				  32
[2023.04.16-16.29.13:278][  0]LogAudioMixer: Display: 	Number of Async Source Workers:		  0
[2023.04.16-16.29.13:278][  0]LogAudio: Display: AudioDevice MaxSources: 32
[2023.04.16-16.29.13:278][  0]LogAudio: Display: Audio Spatialization Plugin: None (built-in).
[2023.04.16-16.29.13:278][  0]LogAudio: Display: Audio Reverb Plugin: None (built-in).
[2023.04.16-16.29.13:278][  0]LogAudio: Display: Audio Occlusion Plugin: None (built-in).
[2023.04.16-16.29.13:278][  0]LogAudioMixer: Display: Initializing audio mixer.
[2023.04.16-16.29.13:285][  0]LogAudioMixer: Display: 0: FrontLeft
[2023.04.16-16.29.13:285][  0]LogAudioMixer: Display: 1: FrontRight
[2023.04.16-16.29.13:301][  0]LogAudioMixer: Display: Using Audio Device Динамики (USB Audio Device)
[2023.04.16-16.29.13:306][  0]LogAudioMixer: Display: Initializing Sound Submixes...
[2023.04.16-16.29.13:307][  0]LogAudioMixer: Display: Creating Master Submix 'MasterSubmixDefault'
[2023.04.16-16.29.13:307][  0]LogAudioMixer: Display: Creating Master Submix 'MasterReverbSubmixDefault'
[2023.04.16-16.29.13:308][  0]LogAudioMixer: Display: Creating Master Submix 'MasterEQSubmixDefault'
[2023.04.16-16.29.13:308][  0]LogAudioMixer: FMixerPlatformXAudio2::StartAudioStream() called
[2023.04.16-16.29.13:308][  0]LogAudioMixer: Display: Output buffers initialized: Frames=1024, Channels=2, Samples=2048
[2023.04.16-16.29.13:309][  0]LogAudioMixer: Display: Starting AudioMixerPlatformInterface::RunInternal()
[2023.04.16-16.29.13:309][  0]LogAudioMixer: Display: FMixerPlatformXAudio2::SubmitBuffer() called for the first time
[2023.04.16-16.29.13:309][  0]LogInit: FAudioDevice initialized.
[2023.04.16-16.29.13:310][  0]LogNetVersion: Set ProjectVersion to 1.0.0.0. Version Checksum will be recalculated on next use.
[2023.04.16-16.29.13:312][  0]LogInit: Texture streaming: Enabled
[2023.04.16-16.29.13:478][  0]LogAudio: Display: Audio Device (ID: 1) registered with world 'Untitled'.
[2023.04.16-16.29.13:479][  0]LogSlate: Updating window title bar state: overlay mode, drag disabled, window buttons hidden, title bar hidden
[2023.04.16-16.29.13:479][  0]LogInit: Display: Game Engine Initialized.
[2023.04.16-16.29.13:480][  0]LogNiagaraEditor: GEditor isn't valid! Particle reset commands will not work for Niagara components!
[2023.04.16-16.29.13:573][  0]LogInit: Display: Starting Game.
[2023.04.16-16.29.13:573][  0]LogNet: Browse: /Game/Level/MainMenu?Name=Player
[2023.04.16-16.29.13:573][  0]LogLoad: LoadMap: /Game/Level/MainMenu?Name=Player
[2023.04.16-16.29.13:573][  0]LogWorld: BeginTearingDown for /Temp/Untitled_0
[2023.04.16-16.29.13:574][  0]LogWorld: UWorld::CleanupWorld for Untitled, bSessionEnded=true, bCleanupResources=true
[2023.04.16-16.29.13:574][  0]LogSlate: InvalidateAllWidgets triggered.  All widgets were invalidated
[2023.04.16-16.29.13:578][  0]LogAudio: Display: Audio Device unregistered from world 'None'.
[2023.04.16-16.29.13:581][  0]LogUObjectHash: Compacting FUObjectHashTables data took   0.78ms
[2023.04.16-16.29.13:588][  0]LogAudio: Display: Audio Device (ID: 1) registered with world 'MainMenu'.
[2023.04.16-16.29.13:593][  0]LogAIModule: Creating AISystem for world MainMenu
[2023.04.16-16.29.13:593][  0]LogLoad: Game class is 'ClickerGameMod_C'
[2023.04.16-16.29.13:594][  0]LogWorld: Bringing World /Game/Level/MainMenu.MainMenu up for play (max tick rate 0) at 2023.04.16-19.29.13
[2023.04.16-16.29.13:594][  0]LogWorld: Bringing up level for play took: 0.000414
[2023.04.16-16.29.13:595][  0]LogGameMode: FindPlayerStart: PATHS NOT DEFINED or NO PLAYERSTART with positive rating
[2023.04.16-16.29.13:595][  0]LogSpawn: Warning: SpawnActor failed because no class was specified
[2023.04.16-16.29.13:596][  0]LogPlayerController: Error: InputMode:UIOnly - Attempting to focus Non-Focusable widget SObjectWidget [Widget.cpp(799)]!
[2023.04.16-16.29.13:597][  0]LogViewport: Display: Viewport MouseLockMode Changed, LockOnCapture -> LockInFullscreen
[2023.04.16-16.29.13:597][  0]LogViewport: Display: Viewport MouseCaptureMode Changed, CapturePermanently_IncludingInitialMouseDown -> NoCapture
[2023.04.16-16.29.13:597][  0]LogLoad: Took 0.023705 seconds to LoadMap(/Game/Level/MainMenu)
[2023.04.16-16.29.13:622][  0]LogSlate: Took 0.000136 seconds to synchronously load lazily loaded font '../../../Engine/Content/Slate/Fonts/Roboto-Regular.ttf' (155K)
[2023.04.16-16.29.13:639][  0]LogRenderer: Reallocating scene render targets to support 924x520 Format 10 NumSamples 1 (Frame:1).
[2023.04.16-16.29.13:639][  0]LogInit: Display: Engine is initialized. Leaving FEngineLoop::Init()
[2023.04.16-16.29.13:639][  0]LogLoad: (Engine Initialization) Total time: 4.70 seconds
[2023.04.16-16.29.13:639][  0]LogLoad: (Engine Initialization) Total Blueprint compile time: 0.00 seconds
[2023.04.16-16.29.13:642][  0]LogContentStreaming: Texture pool size now 1000 MB
[2023.04.16-16.29.13:649][  0]LogSlate: InvalidateAllWidgets triggered.  All widgets were invalidated
[2023.04.16-16.29.13:763][  1]LogSlate: Took 0.000113 seconds to synchronously load lazily loaded font '../../../Engine/Content/Slate/Fonts/Roboto-Regular.ttf' (155K)
[2023.04.16-16.29.35:857][191]LogViewport: Display: Viewport MouseLockMode Changed, LockInFullscreen -> LockOnCapture
[2023.04.16-16.29.35:857][191]LogViewport: Display: Viewport MouseCaptureMode Changed, NoCapture -> CapturePermanently
[2023.04.16-16.29.35:858][191]PIE: Warning: The widget 'LoadingScreen_C' was already added to the screen.
[2023.04.16-16.29.39:914][351]LogPackageName: SearchForPackageOnDisk took   0.058s to resolve MainStart.umap.
[2023.04.16-16.29.39:969][352]LogPackageName: SearchForPackageOnDisk took   0.054s to resolve MainStart.umap.
[2023.04.16-16.29.39:969][352]LogNet: Browse: /Game/Level/MainStart
[2023.04.16-16.29.39:969][352]LogLoad: LoadMap: /Game/Level/MainStart
[2023.04.16-16.29.39:969][352]LogWorld: BeginTearingDown for /Game/Level/MainMenu
[2023.04.16-16.29.39:970][352]LogWorld: UWorld::CleanupWorld for MainMenu, bSessionEnded=true, bCleanupResources=true
[2023.04.16-16.29.39:970][352]LogSlate: InvalidateAllWidgets triggered.  All widgets were invalidated
[2023.04.16-16.29.40:003][352]LogAudio: Display: Audio Device unregistered from world 'None'.
[2023.04.16-16.29.40:004][352]LogUObjectHash: Compacting FUObjectHashTables data took   0.71ms
[2023.04.16-16.29.40:059][352]LogAudio: Display: Audio Device (ID: 1) registered with world 'MainStart'.
[2023.04.16-16.29.40:059][352]LogAIModule: Creating AISystem for world MainStart
[2023.04.16-16.29.40:060][352]LogLoad: Game class is 'ClickerGameMod_C'
[2023.04.16-16.29.40:061][352]LogWorld: Bringing World /Game/Level/MainStart.MainStart up for play (max tick rate 0) at 2023.04.16-19.29.40
[2023.04.16-16.29.40:061][352]LogWorld: Bringing up level for play took: 0.000376
[2023.04.16-16.29.40:061][352]LogGameMode: FindPlayerStart: PATHS NOT DEFINED or NO PLAYERSTART with positive rating
[2023.04.16-16.29.40:061][352]LogSpawn: Warning: SpawnActor failed because no class was specified
[2023.04.16-16.29.40:061][352]LogViewport: Display: Viewport MouseLockMode Changed, LockOnCapture -> DoNotLock
[2023.04.16-16.29.40:061][352]LogViewport: Display: Viewport MouseCaptureMode Changed, CapturePermanently -> NoCapture
[2023.04.16-16.29.40:063][352]LogLoad: Took 0.093535 seconds to LoadMap(/Game/Level/MainStart)
[2023.04.16-16.30.02:170][248]LogSlate: Window 'Helloffice_2_0_ver (64-bit Development PCD3D_SM5) ' being destroyed
[2023.04.16-16.30.02:171][248]LogWindowsTextInputMethodSystem: Display: IME system deactivated.
[2023.04.16-16.30.02:172][249]LogSlate: Updating window title bar state: overlay mode, drag disabled, window buttons hidden, title bar hidden
[2023.04.16-16.30.02:172][249]LogEngine: All Windows Closed
[2023.04.16-16.30.02:172][249]LogWindows: FPlatformMisc::RequestExit(0)
[2023.04.16-16.30.02:172][249]LogWindows: FPlatformMisc::RequestExitWithStatus(0, 0)
[2023.04.16-16.30.02:172][249]LogCore: Engine exit requested (reason: Win RequestExit)
[2023.04.16-16.30.02:172][250]LogCore: Engine exit requested (reason: EngineExit() was called; note: exit was already requested)
[2023.04.16-16.30.02:172][250]LogInit: Display: PreExit Game.
[2023.04.16-16.30.02:180][250]LogWorld: BeginTearingDown for /Game/Level/MainStart
[2023.04.16-16.30.02:180][250]LogWorld: UWorld::CleanupWorld for MainStart, bSessionEnded=true, bCleanupResources=true
[2023.04.16-16.30.02:180][250]LogSlate: InvalidateAllWidgets triggered.  All widgets were invalidated
[2023.04.16-16.30.02:206][250]LogAudio: Display: Beginning Audio Device Manager Shutdown (Module: AudioMixerXAudio2)...
[2023.04.16-16.30.02:206][250]LogAudio: Display: Destroying 1 Remaining Audio Device(s)...
[2023.04.16-16.30.02:206][250]LogAudio: Display: Audio Device unregistered from world 'MainStart'.
[2023.04.16-16.30.02:229][250]LogAudioMixer: FMixerPlatformXAudio2::StopAudioStream() called
[2023.04.16-16.30.02:230][250]LogAudioMixer: FMixerPlatformXAudio2::StopAudioStream() called
[2023.04.16-16.30.02:234][250]LogAudio: Display: Audio Device Manager Shutdown
[2023.04.16-16.30.02:236][250]LogExit: Preparing to exit.
[2023.04.16-16.30.02:835][250]LogSlate: Updating window title bar state: overlay mode, drag disabled, window buttons hidden, title bar hidden
[2023.04.16-16.30.02:836][250]LogUObjectHash: Compacting FUObjectHashTables data took   0.70ms
[2023.04.16-16.30.02:885][250]LogMoviePlayer: Shutting down movie player
[2023.04.16-16.30.03:074][250]LogDemo: Cleaned up 0 splitscreen connections with owner deletion
[2023.04.16-16.30.03:076][250]LogExit: Game engine shut down
[2023.04.16-16.30.03:111][250]LogExit: Object subsystem successfully closed.
[2023.04.16-16.30.03:117][250]LogShaderCompilers: Display: === FShaderJobCache stats ===
[2023.04.16-16.30.03:117][250]LogShaderCompilers: Display: Total job queries 0, among them cache hits 0 (0.00%)
[2023.04.16-16.30.03:117][250]LogShaderCompilers: Display: Tracking 0 distinct input hashes that result in 0 distinct outputs (0.00%)
[2023.04.16-16.30.03:117][250]LogShaderCompilers: Display: RAM used: 0.00 MB (0.00 GB) of 819.20 MB (0.80 GB) budget. Usage: 0.00%
[2023.04.16-16.30.03:117][250]LogShaderCompilers: Display: ================================================
[2023.04.16-16.30.03:138][250]LogShaderCompilers: Display: Shaders left to compile 0
[2023.04.16-16.30.03:138][250]LogShaderCompilers: Display: Shaders left to compile 0
[2023.04.16-16.30.03:145][250]LogModuleManager: Shutting down and abandoning module SequenceRecorderSections (558)
[2023.04.16-16.30.03:145][250]LogModuleManager: Shutting down and abandoning module SequenceRecorder (556)
[2023.04.16-16.30.03:145][250]LogModuleManager: Shutting down and abandoning module AutomationController (554)
[2023.04.16-16.30.03:145][250]LogModuleManager: Shutting down and abandoning module AutomationWorker (552)
[2023.04.16-16.30.03:145][250]LogModuleManager: Shutting down and abandoning module Voice (550)
[2023.04.16-16.30.03:145][250]LogModuleManager: Shutting down and abandoning module AIModule (548)
[2023.04.16-16.30.03:145][250]LogModuleManager: Shutting down and abandoning module GameplayDebugger (547)
[2023.04.16-16.30.03:145][250]LogModuleManager: Shutting down and abandoning module AITestSuite (545)
[2023.04.16-16.30.03:145][250]LogModuleManager: Shutting down and abandoning module NavigationSystem (543)
[2023.04.16-16.30.03:145][250]LogModuleManager: Shutting down and abandoning module SteamVREditor (540)
[2023.04.16-16.30.03:145][250]LogModuleManager: Shutting down and abandoning module ToolMenus (539)
[2023.04.16-16.30.03:145][250]LogModuleManager: Shutting down and abandoning module OculusMR (536)
[2023.04.16-16.30.03:145][250]LogModuleManager: Shutting down and abandoning module MagicLeapMediaCodecFactory (534)
[2023.04.16-16.30.03:145][250]LogModuleManager: Shutting down and abandoning module MagicLeapMediaFactory (532)
[2023.04.16-16.30.03:145][250]LogModuleManager: Shutting down and abandoning module TakeRecorderSources (530)
[2023.04.16-16.30.03:145][250]LogModuleManager: Shutting down and abandoning module TakeRecorder (529)
[2023.04.16-16.30.03:145][250]LogModuleManager: Shutting down and abandoning module TakeTrackRecorders (526)
[2023.04.16-16.30.03:145][250]LogModuleManager: Shutting down and abandoning module TakesCore (524)
[2023.04.16-16.30.03:145][250]LogModuleManager: Shutting down and abandoning module OpenXRInput (522)
[2023.04.16-16.30.03:145][250]LogModuleManager: Shutting down and abandoning module WmfMediaFactory (520)
[2023.04.16-16.30.03:145][250]LogModuleManager: Shutting down and abandoning module WebMMediaFactory (518)
[2023.04.16-16.30.03:145][250]LogModuleManager: Shutting down and abandoning module WebMMedia (516)
[2023.04.16-16.30.03:145][250]LogModuleManager: Shutting down and abandoning module OpenExrWrapper (514)
[2023.04.16-16.30.03:145][250]LogModuleManager: Shutting down and abandoning module ImgMediaFactory (512)
[2023.04.16-16.30.03:145][250]LogModuleManager: Shutting down and abandoning module AvfMediaFactory (510)
[2023.04.16-16.30.03:145][250]LogModuleManager: Shutting down and abandoning module PlanarCut (508)
[2023.04.16-16.30.03:145][250]LogModuleManager: Shutting down and abandoning module CharacterAI (506)
[2023.04.16-16.30.03:145][250]LogModuleManager: Shutting down and abandoning module SessionServices (504)
[2023.04.16-16.30.03:145][250]LogModuleManager: Shutting down and abandoning module MovieSceneCapture (502)
[2023.04.16-16.30.03:145][250]LogModuleManager: Shutting down and abandoning module LiveCoding (500)
[2023.04.16-16.30.03:145][250]LogModuleManager: Shutting down and abandoning module LevelSequence (498)
[2023.04.16-16.30.03:145][250]LogModuleManager: Shutting down and abandoning module MovieSceneTracks (496)
[2023.04.16-16.30.03:145][250]LogModuleManager: Shutting down and abandoning module MovieScene (494)
[2023.04.16-16.30.03:145][250]LogModuleManager: Shutting down and abandoning module StreamingPauseRendering (492)
[2023.04.16-16.30.03:145][250]LogModuleManager: Shutting down and abandoning module PortalServices (490)
[2023.04.16-16.30.03:145][250]LogModuleManager: Shutting down and abandoning module PortalRpc (488)
[2023.04.16-16.30.03:145][250]LogModuleManager: Shutting down and abandoning module MessagingRpc (486)
[2023.04.16-16.30.03:145][250]LogModuleManager: Shutting down and abandoning module AudioMixerXAudio2 (484)
[2023.04.16-16.30.03:146][250]LogModuleManager: Shutting down and abandoning module AudioMixerCore (483)
[2023.04.16-16.30.03:146][250]LogModuleManager: Shutting down and abandoning module ImageWriteQueue (480)
[2023.04.16-16.30.03:148][250]LogModuleManager: Shutting down and abandoning module ProfilerService (478)
[2023.04.16-16.30.03:223][250]LogModuleManager: Shutting down and abandoning module TaskGraph (476)
[2023.04.16-16.30.03:223][250]LogModuleManager: Shutting down and abandoning module OculusInput (474)
[2023.04.16-16.30.03:223][250]LogModuleManager: Shutting down and abandoning module MagicLeapSharedWorld (472)
[2023.04.16-16.30.03:223][250]LogModuleManager: Shutting down and abandoning module TakeMovieScene (470)
[2023.04.16-16.30.03:223][250]LogModuleManager: Shutting down and abandoning module MagicLeapLightEstimation (468)
[2023.04.16-16.30.03:223][250]LogModuleManager: Shutting down and abandoning module MagicLeapHelperVulkan (466)
[2023.04.16-16.30.03:223][250]LogModuleManager: Shutting down and abandoning module MagicLeapHelperOpenGL (464)
[2023.04.16-16.30.03:223][250]LogModuleManager: Shutting down and abandoning module MagicLeapAudio (462)
[2023.04.16-16.30.03:224][250]LogModuleManager: Shutting down and abandoning module Synthesis (460)
[2023.04.16-16.30.03:224][250]LogModuleManager: Shutting down and abandoning module ProceduralMeshComponent (458)
[2023.04.16-16.30.03:224][250]LogModuleManager: Shutting down and abandoning module MobilePatchingUtils (456)
[2023.04.16-16.30.03:224][250]LogModuleManager: Shutting down and abandoning module GooglePAD (454)
[2023.04.16-16.30.03:224][250]LogModuleManager: Shutting down and abandoning module EditableMesh (452)
[2023.04.16-16.30.03:224][250]LogModuleManager: Shutting down and abandoning module CustomMeshComponent (450)
[2023.04.16-16.30.03:224][250]LogModuleManager: Shutting down and abandoning module CableComponent (448)
[2023.04.16-16.30.03:224][250]LogModuleManager: Shutting down and abandoning module AudioCapture (446)
[2023.04.16-16.30.03:224][250]LogModuleManager: Shutting down and abandoning module AudioCaptureRtAudio (445)
[2023.04.16-16.30.03:224][250]LogModuleManager: Shutting down and abandoning module AssetTags (442)
[2023.04.16-16.30.03:224][250]LogModuleManager: Shutting down and abandoning module ArchVisCharacter (440)
[2023.04.16-16.30.03:224][250]LogModuleManager: Shutting down and abandoning module AppleImageUtilsBlueprintSupport (438)
[2023.04.16-16.30.03:224][250]LogModuleManager: Shutting down and abandoning module AppleImageUtils (436)
[2023.04.16-16.30.03:224][250]LogModuleManager: Shutting down and abandoning module AndroidPermission (434)
[2023.04.16-16.30.03:224][250]LogModuleManager: Shutting down and abandoning module ActorLayerUtilities (432)
[2023.04.16-16.30.03:224][250]LogModuleManager: Shutting down and abandoning module TemplateSequence (430)
[2023.04.16-16.30.03:224][250]LogModuleManager: Shutting down and abandoning module MediaCompositing (428)
[2023.04.16-16.30.03:224][250]LogModuleManager: Shutting down and abandoning module ImgMedia (426)
[2023.04.16-16.30.03:224][250]LogModuleManager: Shutting down and abandoning module OpenImageDenoise (424)
[2023.04.16-16.30.03:224][250]LogOpenImageDenoise: OIDN shutting down
[2023.04.16-16.30.03:224][250]LogModuleManager: Shutting down and abandoning module MotoSynth (422)
[2023.04.16-16.30.03:224][250]LogModuleManager: Shutting down and abandoning module MeshConversion (420)
[2023.04.16-16.30.03:224][250]LogModuleManager: Shutting down and abandoning module DynamicMesh (418)
[2023.04.16-16.30.03:224][250]LogModuleManager: Shutting down and abandoning module GeometryAlgorithms (416)
[2023.04.16-16.30.03:224][250]LogModuleManager: Shutting down and abandoning module GeometricObjects (414)
[2023.04.16-16.30.03:224][250]LogModuleManager: Shutting down and abandoning module GeometryCacheTracks (412)
[2023.04.16-16.30.03:224][250]LogModuleManager: Shutting down and abandoning module GeometryCacheSequencer (411)
[2023.04.16-16.30.03:224][250]LogModuleManager: Shutting down and abandoning module GeometryCache (408)
[2023.04.16-16.30.03:224][250]LogModuleManager: Shutting down and abandoning module GeometryCacheEd (407)
[2023.04.16-16.30.03:224][250]LogModuleManager: Shutting down and abandoning module GeometryCollectionTracks (404)
[2023.04.16-16.30.03:224][250]LogModuleManager: Shutting down and abandoning module GeometryCollectionSequencer (403)
[2023.04.16-16.30.03:224][250]LogModuleManager: Shutting down and abandoning module ChaosNiagara (400)
[2023.04.16-16.30.03:224][250]LogModuleManager: Shutting down and abandoning module FieldSystemEngine (399)
[2023.04.16-16.30.03:224][250]LogModuleManager: Shutting down and abandoning module BackChannel (396)
[2023.04.16-16.30.03:224][250]LogModuleManager: Shutting down and abandoning module AutomationUtils (394)
[2023.04.16-16.30.03:224][250]LogModuleManager: Shutting down and abandoning module VisualStudioSourceCodeAccess (392)
[2023.04.16-16.30.03:224][250]LogModuleManager: Shutting down and abandoning module HotReload (391)
[2023.04.16-16.30.03:224][250]LogModuleManager: Shutting down and abandoning module VisualStudioCodeSourceCodeAccess (388)
[2023.04.16-16.30.03:224][250]LogModuleManager: Shutting down and abandoning module UObjectPlugin (386)
[2023.04.16-16.30.03:224][250]LogModuleManager: Shutting down and abandoning module OodleNetworkHandlerComponent (384)
[2023.04.16-16.30.03:224][250]LogModuleManager: Shutting down and abandoning module SubversionSourceControl (382)
[2023.04.16-16.30.03:225][250]LogModuleManager: Shutting down and abandoning module PerforceSourceControl (380)
[2023.04.16-16.30.03:225][250]LogModuleManager: Shutting down and abandoning module SourceControl (379)
[2023.04.16-16.30.03:225][250]LogModuleManager: Shutting down and abandoning module CLionSourceCodeAccess (376)
[2023.04.16-16.30.03:225][250]LogModuleManager: Shutting down and abandoning module LiveLinkSequencer (374)
[2023.04.16-16.30.03:225][250]LogModuleManager: Shutting down and abandoning module LiveLinkMovieScene (372)
[2023.04.16-16.30.03:225][250]LogModuleManager: Shutting down and abandoning module LiveLinkGraphNode (370)
[2023.04.16-16.30.03:225][250]LogModuleManager: Shutting down and abandoning module LiveLinkComponents (368)
[2023.04.16-16.30.03:225][250]LogModuleManager: Shutting down and abandoning module LiveLink (366)
[2023.04.16-16.30.03:940][250]LogModuleManager: Shutting down and abandoning module MagicLeapARPin (364)
[2023.04.16-16.30.03:941][250]LogModuleManager: Shutting down and abandoning module MagicLeapHandMeshing (362)
[2023.04.16-16.30.03:941][250]LogModuleManager: Shutting down and abandoning module MagicLeapSecureStorage (360)
[2023.04.16-16.30.03:941][250]LogModuleManager: Shutting down and abandoning module MagicLeapPrivileges (358)
[2023.04.16-16.30.03:941][250]LogModuleManager: Shutting down and abandoning module MagicLeapPlanes (356)
[2023.04.16-16.30.03:941][250]LogMagicLeapPlanes: Planes tracker already destroyed.
[2023.04.16-16.30.03:941][250]LogModuleManager: Shutting down and abandoning module MagicLeapImageTracker (354)
[2023.04.16-16.30.03:941][250]LogModuleManager: Shutting down and abandoning module MagicLeapIdentity (352)
[2023.04.16-16.30.03:941][250]LogModuleManager: Shutting down and abandoning module MagicLeapHandTracking (350)
[2023.04.16-16.30.03:941][250]LogModuleManager: Shutting down and abandoning module MagicLeapEyeTracker (348)
[2023.04.16-16.30.03:941][250]LogModuleManager: Shutting down and abandoning module MagicLeapController (346)
[2023.04.16-16.30.03:941][250]LogModuleManager: Shutting down and abandoning module MagicLeapARPinImpl (344)
[2023.04.16-16.30.03:942][250]LogModuleManager: Shutting down and abandoning module MagicLeapAR (342)
[2023.04.16-16.30.03:942][250]LogModuleManager: Shutting down and abandoning module SoundFields (340)
[2023.04.16-16.30.03:942][250]LogModuleManager: Shutting down and abandoning module SignificanceManager (338)
[2023.04.16-16.30.03:942][250]LogModuleManager: Shutting down and abandoning module RuntimePhysXCooking (336)
[2023.04.16-16.30.03:942][250]LogModuleManager: Shutting down and abandoning module PropertyAccessEditor (334)
[2023.04.16-16.30.03:942][250]LogModuleManager: Shutting down and abandoning module PhysXVehiclesEditor (332)
[2023.04.16-16.30.03:942][250]LogModuleManager: Shutting down and abandoning module LocationServicesBPLibrary (328)
[2023.04.16-16.30.03:942][250]LogModuleManager: Shutting down and abandoning module AudioSynesthesia (326)
[2023.04.16-16.30.03:942][250]LogModuleManager: Shutting down and abandoning module AudioSynesthesiaCore (324)
[2023.04.16-16.30.03:942][250]LogModuleManager: Shutting down and abandoning module ActorSequence (322)
[2023.04.16-16.30.03:942][250]LogModuleManager: Shutting down and abandoning module UdpMessaging (320)
[2023.04.16-16.30.04:043][250]LogModuleManager: Shutting down and abandoning module TcpMessaging (318)
[2023.04.16-16.30.04:144][250]LogModuleManager: Shutting down and abandoning module ImgMediaEngine (316)
[2023.04.16-16.30.04:144][250]LogModuleManager: Shutting down and abandoning module PythonScriptPlugin (314)
[2023.04.16-16.30.04:144][250]LogModuleManager: Shutting down and abandoning module NiagaraAnimNotifies (312)
[2023.04.16-16.30.04:144][250]LogModuleManager: Shutting down and abandoning module Niagara (310)
[2023.04.16-16.30.04:144][250]LogModuleManager: Shutting down and abandoning module SignalProcessing (309)
[2023.04.16-16.30.04:144][250]LogModuleManager: Shutting down and abandoning module NiagaraEditor (307)
[2023.04.16-16.30.04:144][250]LogModuleManager: Shutting down and abandoning module ContentBrowser (306)
[2023.04.16-16.30.04:144][250]LogModuleManager: Shutting down and abandoning module CollectionManager (305)
[2023.04.16-16.30.04:144][250]LogModuleManager: Shutting down and abandoning module DirectoryWatcher (304)
[2023.04.16-16.30.04:144][250]LogModuleManager: Shutting down and abandoning module ContentBrowserData (301)
[2023.04.16-16.30.04:144][250]LogModuleManager: Shutting down and abandoning module NiagaraCore (296)
[2023.04.16-16.30.04:144][250]LogModuleManager: Shutting down and abandoning module PropertyAccessNode (294)
[2023.04.16-16.30.04:144][250]LogModuleManager: Shutting down and abandoning module AnimationSharing (292)
[2023.04.16-16.30.04:144][250]LogModuleManager: Shutting down and abandoning module GameplayTagsEditor (290)
[2023.04.16-16.30.04:144][250]LogModuleManager: Shutting down and abandoning module FacialAnimation (288)
[2023.04.16-16.30.04:144][250]LogModuleManager: Shutting down and abandoning module AssetManagerEditor (286)
[2023.04.16-16.30.04:144][250]LogModuleManager: Shutting down and abandoning module TreeMap (285)
[2023.04.16-16.30.04:144][250]LogModuleManager: Shutting down and abandoning module GameplayCameras (282)
[2023.04.16-16.30.04:144][250]LogModuleManager: Shutting down and abandoning module LightPropagationVolumeRuntime (280)
[2023.04.16-16.30.04:144][250]LogModuleManager: Shutting down and abandoning module EnvironmentQueryEditor (278)
[2023.04.16-16.30.04:144][250]LogModuleManager: Shutting down and abandoning module Paper2D (276)
[2023.04.16-16.30.04:144][250]LogModuleManager: Shutting down and abandoning module WindowsMoviePlayer (274)
[2023.04.16-16.30.04:145][250]LogModuleManager: Shutting down and abandoning module WebMMoviePlayer (272)
[2023.04.16-16.30.04:145][250]LogModuleManager: Shutting down and abandoning module NetworkReplayStreaming (270)
[2023.04.16-16.30.04:145][250]LogModuleManager: Shutting down and abandoning module PacketHandler (268)
[2023.04.16-16.30.04:145][250]LogModuleManager: Shutting down and abandoning module ClothingSystemEditor (266)
[2023.04.16-16.30.04:145][250]LogModuleManager: Shutting down and abandoning module ClothingSystemRuntimeNv (264)
[2023.04.16-16.30.04:145][250]LogModuleManager: Shutting down and abandoning module MediaAssets (262)
[2023.04.16-16.30.04:145][250]LogModuleManager: Shutting down and abandoning module Overlay (260)
[2023.04.16-16.30.04:145][250]LogModuleManager: Shutting down and abandoning module OverlayEditor (259)
[2023.04.16-16.30.04:145][250]LogModuleManager: Shutting down and abandoning module VREditor (256)
[2023.04.16-16.30.04:145][250]LogModuleManager: Shutting down and abandoning module StringTableEditor (254)
[2023.04.16-16.30.04:145][250]LogModuleManager: Shutting down and abandoning module GameplayTasksEditor (252)
[2023.04.16-16.30.04:145][250]LogModuleManager: Shutting down and abandoning module BehaviorTreeEditor (250)
[2023.04.16-16.30.04:145][250]LogModuleManager: Shutting down and abandoning module FunctionalTesting (248)
[2023.04.16-16.30.04:145][250]LogModuleManager: Shutting down and abandoning module CollisionAnalyzer (246)
[2023.04.16-16.30.04:145][250]LogModuleManager: Shutting down and abandoning module WorkspaceMenuStructure (245)
[2023.04.16-16.30.04:145][250]LogModuleManager: Shutting down and abandoning module UMG (242)
[2023.04.16-16.30.04:145][250]LogModuleManager: Shutting down and abandoning module UMGEditor (241)
[2023.04.16-16.30.04:145][250]LogModuleManager: Shutting down and abandoning module Sequencer (240)
[2023.04.16-16.30.04:145][250]LogModuleManager: Shutting down and abandoning module MessageLog (237)
[2023.04.16-16.30.04:145][250]LogModuleManager: Shutting down and abandoning module SlateReflector (232)
[2023.04.16-16.30.04:145][250]LogModuleManager: Shutting down and abandoning module Slate (230)
[2023.04.16-16.30.04:145][250]LogModuleManager: Shutting down and abandoning module SlateCore (228)
[2023.04.16-16.30.04:146][250]LogModuleManager: Shutting down and abandoning module LandscapeEditorUtilities (226)
[2023.04.16-16.30.04:146][250]LogModuleManager: Shutting down and abandoning module UnrealEd (224)
[2023.04.16-16.30.04:146][250]LogModuleManager: Shutting down and abandoning module MRMesh (222)
[2023.04.16-16.30.04:146][250]LogModuleManager: Shutting down and abandoning module Messaging (220)
[2023.04.16-16.30.04:146][250]LogModuleManager: Shutting down and abandoning module SourceCodeAccess (218)
[2023.04.16-16.30.04:146][250]LogModuleManager: Shutting down and abandoning module HeadMountedDisplay (216)
[2023.04.16-16.30.04:146][250]LogModuleManager: Shutting down and abandoning module XAudio2 (214)
[2023.04.16-16.30.04:146][250]LogModuleManager: Shutting down and abandoning module Networking (212)
[2023.04.16-16.30.04:146][250]LogModuleManager: Shutting down and abandoning module Core (210)
[2023.04.16-16.30.04:147][250]LogModuleManager: Shutting down and abandoning module MaterialEditor (208)
[2023.04.16-16.30.04:147][250]LogModuleManager: Shutting down and abandoning module MovieSceneTools (206)
[2023.04.16-16.30.04:147][250]LogModuleManager: Shutting down and abandoning module EditorStyle (205)
[2023.04.16-16.30.04:147][250]LogModuleManager: Shutting down and abandoning module KismetCompiler (202)
[2023.04.16-16.30.04:147][250]LogModuleManager: Shutting down and abandoning module MeshBuilder (200)
[2023.04.16-16.30.04:147][250]LogModuleManager: Shutting down and abandoning module MeshUtilities (198)
[2023.04.16-16.30.04:147][250]LogModuleManager: Shutting down and abandoning module MeshMergeUtilities (197)
[2023.04.16-16.30.04:147][250]LogModuleManager: Shutting down and abandoning module MeshReductionInterface (196)
[2023.04.16-16.30.04:147][250]LogModuleManager: Shutting down and abandoning module MeshBoneReduction (195)
[2023.04.16-16.30.04:147][250]LogModuleManager: Shutting down and abandoning module SkeletalMeshReduction (193)
[2023.04.16-16.30.04:147][250]LogModuleManager: Shutting down and abandoning module ProxyLODMeshReduction (191)
[2023.04.16-16.30.04:147][250]LogModuleManager: Shutting down and abandoning module QuadricMeshReduction (189)
[2023.04.16-16.30.04:147][250]LogModuleManager: Shutting down and abandoning module MaterialBaking (185)
[2023.04.16-16.30.04:147][250]LogModuleManager: Shutting down and abandoning module NullInstallBundleManager (180)
[2023.04.16-16.30.04:147][250]LogModuleManager: Shutting down and abandoning module PIEPreviewDeviceProfileSelector (178)
[2023.04.16-16.30.04:147][250]LogModuleManager: Shutting down and abandoning module DerivedDataCache (176)
[2023.04.16-16.30.04:147][250]LogModuleManager: Shutting down and abandoning module TargetPlatform (174)
[2023.04.16-16.30.04:147][250]LogModuleManager: Shutting down and abandoning module VulkanShaderFormat (173)
[2023.04.16-16.30.04:147][250]LogModuleManager: Shutting down and abandoning module ShaderFormatVectorVM (171)
[2023.04.16-16.30.04:147][250]LogModuleManager: Shutting down and abandoning module ShaderFormatOpenGL (169)
[2023.04.16-16.30.04:147][250]LogModuleManager: Shutting down and abandoning module ShaderFormatD3D (167)
[2023.04.16-16.30.04:148][250]LogModuleManager: Shutting down and abandoning module MetalShaderFormat (165)
[2023.04.16-16.30.04:148][250]LogModuleManager: Shutting down and abandoning module TextureFormatOodle (163)
[2023.04.16-16.30.04:148][250]LogModuleManager: Shutting down and abandoning module TextureFormatUncompressed (161)
[2023.04.16-16.30.04:148][250]LogModuleManager: Shutting down and abandoning module TextureFormatPVR (159)
[2023.04.16-16.30.04:148][250]LogModuleManager: Shutting down and abandoning module TextureFormatETC2 (157)
[2023.04.16-16.30.04:148][250]LogModuleManager: Shutting down and abandoning module TextureFormatDXT (155)
[2023.04.16-16.30.04:148][250]LogModuleManager: Shutting down and abandoning module TextureFormatIntelISPCTexComp (153)
[2023.04.16-16.30.04:148][250]LogModuleManager: Shutting down and abandoning module TextureFormatASTC (151)
[2023.04.16-16.30.04:148][250]LogModuleManager: Shutting down and abandoning module ImageWrapper (150)
[2023.04.16-16.30.04:148][250]LogModuleManager: Shutting down and abandoning module AudioFormatOpus (147)
[2023.04.16-16.30.04:148][250]LogModuleManager: Shutting down and abandoning module AudioFormatOgg (145)
[2023.04.16-16.30.04:148][250]LogModuleManager: Shutting down and abandoning module AudioFormatADPCM (143)
[2023.04.16-16.30.04:148][250]LogModuleManager: Shutting down and abandoning module WindowsServerTargetPlatform (141)
[2023.04.16-16.30.04:148][250]LogModuleManager: Shutting down and abandoning module WindowsClientTargetPlatform (139)
[2023.04.16-16.30.04:148][250]LogModuleManager: Shutting down and abandoning module WindowsTargetPlatform (137)
[2023.04.16-16.30.04:148][250]LogModuleManager: Shutting down and abandoning module WindowsNoEditorTargetPlatform (135)
[2023.04.16-16.30.04:148][250]LogModuleManager: Shutting down and abandoning module D3D11RHI (132)
[2023.04.16-16.30.04:148][250]LogModuleManager: Shutting down and abandoning module InputCore (130)
[2023.04.16-16.30.04:148][250]LogModuleManager: Shutting down and abandoning module Settings (128)
[2023.04.16-16.30.04:148][250]LogModuleManager: Shutting down and abandoning module PhysXCooking (126)
[2023.04.16-16.30.04:148][250]LogModuleManager: Shutting down and abandoning module Chaos (124)
[2023.04.16-16.30.04:148][250]LogModuleManager: Shutting down and abandoning module WindowsPlatformFeatures (122)
[2023.04.16-16.30.04:148][250]LogModuleManager: Shutting down and abandoning module GameplayMediaEncoder (121)
[2023.04.16-16.30.04:148][250]LogModuleManager: Shutting down and abandoning module AVEncoder (120)
[2023.04.16-16.30.04:148][250]LogModuleManager: Shutting down and abandoning module SteamVRInputDevice (116)
[2023.04.16-16.30.04:148][250]LogModuleManager: Shutting down and abandoning module SteamVRInput (114)
[2023.04.16-16.30.04:148][250]LogModuleManager: Shutting down and abandoning module SteamVR (112)
[2023.04.16-16.30.04:148][250]LogHMD: Freeing OpenVRDLLHandle.
[2023.04.16-16.30.04:148][250]LogModuleManager: Shutting down and abandoning module OculusHMD (110)
[2023.04.16-16.30.04:148][250]LogModuleManager: Shutting down and abandoning module MLSDK (108)
[2023.04.16-16.30.04:148][250]LogModuleManager: Shutting down and abandoning module MagicLeap (106)
[2023.04.16-16.30.04:148][250]LogModuleManager: Shutting down and abandoning module OpenXRHandTracking (104)
[2023.04.16-16.30.04:148][250]LogSlate: Slate User Destroyed.  User Index 0, Is Virtual User: 0
[2023.04.16-16.30.04:148][250]LogModuleManager: Shutting down and abandoning module OpenXREyeTracker (102)
[2023.04.16-16.30.04:148][250]LogModuleManager: Shutting down and abandoning module OpenXRAR (100)
[2023.04.16-16.30.04:148][250]LogModuleManager: Shutting down and abandoning module AugmentedReality (99)
[2023.04.16-16.30.04:148][250]LogModuleManager: Shutting down and abandoning module OpenXRHMD (96)
[2023.04.16-16.30.04:148][250]LogModuleManager: Shutting down and abandoning module ExampleDeviceProfileSelector (94)
[2023.04.16-16.30.04:148][250]LogModuleManager: Shutting down and abandoning module ChunkDownloader (92)
[2023.04.16-16.30.04:148][250]LogModuleManager: Shutting down and abandoning module OnlineBlueprintSupport (90)
[2023.04.16-16.30.04:148][250]LogModuleManager: Shutting down and abandoning module OnlineSubsystem (86)
[2023.04.16-16.30.04:149][250]LogModuleManager: Shutting down and abandoning module XMPP (81)
[2023.04.16-16.30.04:149][250]LogModuleManager: Shutting down and abandoning module WebSockets (80)
[2023.04.16-16.30.04:154][250]LogModuleManager: Shutting down and abandoning module HTTP (77)
[2023.04.16-16.30.04:154][250]LogHttp: Display: cleaning up 0 outstanding Http requests.
[2023.04.16-16.30.04:169][250]LogModuleManager: Shutting down and abandoning module SSL (76)
[2023.04.16-16.30.04:170][250]LogModuleManager: Shutting down and abandoning module LauncherChunkInstaller (72)
[2023.04.16-16.30.04:170][250]LogModuleManager: Shutting down and abandoning module WmfMedia (70)
[2023.04.16-16.30.04:171][250]LogModuleManager: Shutting down and abandoning module Media (69)
[2023.04.16-16.30.04:171][250]LogModuleManager: Shutting down and abandoning module MediaInfo (68)
[2023.04.16-16.30.04:171][250]LogModuleManager: Shutting down and abandoning module ExrReaderGpu (64)
[2023.04.16-16.30.04:171][250]LogModuleManager: Shutting down and abandoning module VariantManagerContent (62)
[2023.04.16-16.30.04:171][250]LogModuleManager: Shutting down and abandoning module DatasmithContent (60)
[2023.04.16-16.30.04:172][250]LogModuleManager: Shutting down and abandoning module NiagaraVertexFactories (58)
[2023.04.16-16.30.04:172][250]LogModuleManager: Shutting down and abandoning module NiagaraShader (56)
[2023.04.16-16.30.04:172][250]LogModuleManager: Shutting down and abandoning module ChaosCloth (54)
[2023.04.16-16.30.04:172][250]LogModuleManager: Shutting down and abandoning module PixWinPlugin (52)
[2023.04.16-16.30.04:172][250]LogModuleManager: Shutting down and abandoning module AISupportModule (50)
[2023.04.16-16.30.04:172][250]LogModuleManager: Shutting down and abandoning module DesktopPlatform (48)
[2023.04.16-16.30.04:172][250]LogModuleManager: Shutting down and abandoning module PythonScriptPluginPreload (46)
[2023.04.16-16.30.04:172][250]LogModuleManager: Shutting down and abandoning module PlatformCryptoOpenSSL (44)
[2023.04.16-16.30.04:172][250]LogModuleManager: Shutting down and abandoning module PlatformCryptoTypes (42)
[2023.04.16-16.30.04:172][250]LogModuleManager: Shutting down and abandoning module PlatformCrypto (40)
[2023.04.16-16.30.04:172][250]LogModuleManager: Shutting down and abandoning module OodleDataCompressionFormat (38)
[2023.04.16-16.30.04:172][250]LogModuleManager: Shutting down and abandoning module XGEController (36)
[2023.04.16-16.30.04:172][250]LogModuleManager: Shutting down and abandoning module AnimationModifiers (34)
[2023.04.16-16.30.04:172][250]LogModuleManager: Shutting down and abandoning module AudioEditor (32)
[2023.04.16-16.30.04:172][250]LogModuleManager: Shutting down and abandoning module PropertyEditor (31)
[2023.04.16-16.30.04:172][250]LogModuleManager: Shutting down and abandoning module TextureCompressor (28)
[2023.04.16-16.30.04:172][250]LogModuleManager: Shutting down and abandoning module RenderCore (26)
[2023.04.16-16.30.04:172][250]LogModuleManager: Shutting down and abandoning module Landscape (24)
[2023.04.16-16.30.04:172][250]LogModuleManager: Shutting down and abandoning module SlateRHIRenderer (22)
[2023.04.16-16.30.04:173][250]LogModuleManager: Shutting down and abandoning module AnimGraphRuntime (20)
[2023.04.16-16.30.04:173][250]LogModuleManager: Shutting down and abandoning module Renderer (18)
[2023.04.16-16.30.04:173][250]LogModuleManager: Shutting down and abandoning module Engine (16)
[2023.04.16-16.30.04:173][250]LogModuleManager: Shutting down and abandoning module CoreUObject (14)
[2023.04.16-16.30.04:173][250]LogModuleManager: Shutting down and abandoning module NetworkFile (12)
[2023.04.16-16.30.04:173][250]LogModuleManager: Shutting down and abandoning module CookedIterativeFile (10)
[2023.04.16-16.30.04:173][250]LogModuleManager: Shutting down and abandoning module StreamingFile (8)
[2023.04.16-16.30.04:173][250]LogModuleManager: Shutting down and abandoning module SandboxFile (6)
[2023.04.16-16.30.04:173][250]LogModuleManager: Shutting down and abandoning module PakFile (4)
[2023.04.16-16.30.04:173][250]LogModuleManager: Shutting down and abandoning module RSA (3)
[2023.04.16-16.30.04:346][250]LogContentStreaming: Display: There are 1 unreleased StreamingManagers
[2023.04.16-16.30.04:352][250]LogD3D11RHI: Shutdown
[2023.04.16-16.30.04:352][250]LogD3D11RHI: CleanupD3DDevice
[2023.04.16-16.30.04:353][250]LogExit: Exiting.
[2023.04.16-16.30.04:393][250]Log file closed, 04/16/23 19:30:04
